  Advection.cpp
D:\Code\Vulkan-code\Vortex2D-vs\Vortex2D\Engine\Advection.cpp(22,5): warning C4273: “Vortex2D::Fluid::Advection::Advection”: dll 链接不一致
D:\Code\Vulkan-code\Vortex2D-vs\Vortex2D\Engine\Advection.h(34,3): message : 参见“{ctor}”的前一个定义
D:\Code\Vulkan-code\Vortex2D-vs\Vortex2D\Engine\Advection.cpp(51,1): warning C4273: “Vortex2D::Fluid::Advection::AdvectVelocity”: dll 链接不一致
D:\Code\Vulkan-code\Vortex2D-vs\Vortex2D\Engine\Advection.h(43,21): message : 参见“AdvectVelocity”的前一个定义
D:\Code\Vulkan-code\Vortex2D-vs\Vortex2D\Engine\Advection.cpp(56,1): warning C4273: “Vortex2D::Fluid::Advection::AdvectBind”: dll 链接不一致
D:\Code\Vulkan-code\Vortex2D-vs\Vortex2D\Engine\Advection.h(50,21): message : 参见“AdvectBind”的前一个定义
D:\Code\Vulkan-code\Vortex2D-vs\Vortex2D\Engine\Advection.cpp(74,1): warning C4273: “Vortex2D::Fluid::Advection::Advect”: dll 链接不一致
D:\Code\Vulkan-code\Vortex2D-vs\Vortex2D\Engine\Advection.h(55,21): message : 参见“Advect”的前一个定义
D:\Code\Vulkan-code\Vortex2D-vs\Vortex2D\Engine\Advection.cpp(85,1): warning C4273: “Vortex2D::Fluid::Advection::AdvectParticleBind”: dll 链接不一致
D:\Code\Vulkan-code\Vortex2D-vs\Vortex2D\Engine\Advection.h(64,21): message : 参见“AdvectParticleBind”的前一个定义
D:\Code\Vulkan-code\Vortex2D-vs\Vortex2D\Engine\Advection.cpp(100,1): warning C4273: “Vortex2D::Fluid::Advection::AdvectParticles”: dll 链接不一致
D:\Code\Vulkan-code\Vortex2D-vs\Vortex2D\Engine\Advection.h(71,21): message : 参见“AdvectParticles”的前一个定义
  Boundaries.cpp
D:\Code\Vulkan-code\Vortex2D-vs\Vortex2D\Engine\Boundaries.cpp(65,5): warning C4273: “Vortex2D::Fluid::Polygon::Polygon”: dll 链接不一致
D:\Code\Vulkan-code\Vortex2D-vs\Vortex2D\Engine\Boundaries.h(38,3): message : 参见“{ctor}”的前一个定义
D:\Code\Vulkan-code\Vortex2D-vs\Vortex2D\Engine\Boundaries.cpp(111,21): warning C4273: “Vortex2D::Fluid::Polygon::~Polygon”: dll 链接不一致
D:\Code\Vulkan-code\Vortex2D-vs\Vortex2D\Engine\Boundaries.h(43,17): message : 参见“{dtor}”的前一个定义
D:\Code\Vulkan-code\Vortex2D-vs\Vortex2D\Engine\Boundaries.cpp(114,1): warning C4273: “Vortex2D::Fluid::Polygon::Initialize”: dll 链接不一致
D:\Code\Vulkan-code\Vortex2D-vs\Vortex2D\Engine\Boundaries.h(45,21): message : 参见“Initialize”的前一个定义
D:\Code\Vulkan-code\Vortex2D-vs\Vortex2D\Engine\Boundaries.cpp(119,1): warning C4273: “Vortex2D::Fluid::Polygon::Update”: dll 链接不一致
D:\Code\Vulkan-code\Vortex2D-vs\Vortex2D\Engine\Boundaries.h(46,21): message : 参见“Update”的前一个定义
D:\Code\Vulkan-code\Vortex2D-vs\Vortex2D\Engine\Boundaries.cpp(126,1): warning C4273: “Vortex2D::Fluid::Polygon::Draw”: dll 链接不一致
D:\Code\Vulkan-code\Vortex2D-vs\Vortex2D\Engine\Boundaries.h(47,21): message : 参见“Draw”的前一个定义
D:\Code\Vulkan-code\Vortex2D-vs\Vortex2D\Engine\Boundaries.cpp(146,5): warning C4273: “Vortex2D::Fluid::Rectangle::Rectangle”: dll 链接不一致
D:\Code\Vulkan-code\Vortex2D-vs\Vortex2D\Engine\Boundaries.h(76,3): message : 参见“{ctor}”的前一个定义
D:\Code\Vulkan-code\Vortex2D-vs\Vortex2D\Engine\Boundaries.cpp(153,25): warning C4273: “Vortex2D::Fluid::Rectangle::~Rectangle”: dll 链接不一致
D:\Code\Vulkan-code\Vortex2D-vs\Vortex2D\Engine\Boundaries.h(81,17): message : 参见“{dtor}”的前一个定义
D:\Code\Vulkan-code\Vortex2D-vs\Vortex2D\Engine\Boundaries.cpp(156,1): warning C4273: “Vortex2D::Fluid::Rectangle::Initialize”: dll 链接不一致
D:\Code\Vulkan-code\Vortex2D-vs\Vortex2D\Engine\Boundaries.h(83,21): message : 参见“Initialize”的前一个定义
D:\Code\Vulkan-code\Vortex2D-vs\Vortex2D\Engine\Boundaries.cpp(161,1): warning C4273: “Vortex2D::Fluid::Rectangle::Update”: dll 链接不一致
D:\Code\Vulkan-code\Vortex2D-vs\Vortex2D\Engine\Boundaries.h(84,21): message : 参见“Update”的前一个定义
D:\Code\Vulkan-code\Vortex2D-vs\Vortex2D\Engine\Boundaries.cpp(166,1): warning C4273: “Vortex2D::Fluid::Rectangle::Draw”: dll 链接不一致
D:\Code\Vulkan-code\Vortex2D-vs\Vortex2D\Engine\Boundaries.h(85,21): message : 参见“Draw”的前一个定义
D:\Code\Vulkan-code\Vortex2D-vs\Vortex2D\Engine\Boundaries.cpp(171,5): warning C4273: “Vortex2D::Fluid::Circle::Circle”: dll 链接不一致
D:\Code\Vulkan-code\Vortex2D-vs\Vortex2D\Engine\Boundaries.h(102,3): message : 参见“{ctor}”的前一个定义
D:\Code\Vulkan-code\Vortex2D-vs\Vortex2D\Engine\Boundaries.cpp(207,19): warning C4273: “Vortex2D::Fluid::Circle::~Circle”: dll 链接不一致
D:\Code\Vulkan-code\Vortex2D-vs\Vortex2D\Engine\Boundaries.h(104,17): message : 参见“{dtor}”的前一个定义
D:\Code\Vulkan-code\Vortex2D-vs\Vortex2D\Engine\Boundaries.cpp(210,1): warning C4273: “Vortex2D::Fluid::Circle::Initialize”: dll 链接不一致
D:\Code\Vulkan-code\Vortex2D-vs\Vortex2D\Engine\Boundaries.h(106,21): message : 参见“Initialize”的前一个定义
D:\Code\Vulkan-code\Vortex2D-vs\Vortex2D\Engine\Boundaries.cpp(215,1): warning C4273: “Vortex2D::Fluid::Circle::Update”: dll 链接不一致
D:\Code\Vulkan-code\Vortex2D-vs\Vortex2D\Engine\Boundaries.h(107,21): message : 参见“Update”的前一个定义
D:\Code\Vulkan-code\Vortex2D-vs\Vortex2D\Engine\Boundaries.cpp(222,1): warning C4273: “Vortex2D::Fluid::Circle::Draw”: dll 链接不一致
D:\Code\Vulkan-code\Vortex2D-vs\Vortex2D\Engine\Boundaries.h(108,21): message : 参见“Draw”的前一个定义
D:\Code\Vulkan-code\Vortex2D-vs\Vortex2D\Engine\Boundaries.cpp(236,47): warning C4273: “Vortex2D::Fluid::IntersectionBlend”: dll 链接不一致
D:\Code\Vulkan-code\Vortex2D-vs\Vortex2D\Engine\Boundaries.h(121,47): message : 参见“IntersectionBlend”的前一个定义
D:\Code\Vulkan-code\Vortex2D-vs\Vortex2D\Engine\Boundaries.cpp(247,40): warning C4273: “Vortex2D::Fluid::UnionBlend”: dll 链接不一致
D:\Code\Vulkan-code\Vortex2D-vs\Vortex2D\Engine\Boundaries.h(122,47): message : 参见“UnionBlend”的前一个定义
D:\Code\Vulkan-code\Vortex2D-vs\Vortex2D\Engine\Boundaries.cpp(258,45): warning C4273: “Vortex2D::Fluid::BoundariesClear”: dll 链接不一致
D:\Code\Vulkan-code\Vortex2D-vs\Vortex2D\Engine\Boundaries.h(123,37): message : 参见“BoundariesClear”的前一个定义
D:\Code\Vulkan-code\Vortex2D-vs\Vortex2D\Engine\Boundaries.cpp(263,5): warning C4273: “Vortex2D::Fluid::DistanceField::DistanceField”: dll 链接不一致
D:\Code\Vulkan-code\Vortex2D-vs\Vortex2D\Engine\Boundaries.h(137,3): message : 参见“{ctor}”的前一个定义
D:\Code\Vulkan-code\Vortex2D-vs\Vortex2D\Engine\Boundaries.cpp(268,5): warning C4273: “Vortex2D::Fluid::DistanceField::DistanceField”: dll 链接不一致
D:\Code\Vulkan-code\Vortex2D-vs\Vortex2D\Engine\Boundaries.h(141,3): message : 参见“{ctor}”的前一个定义
D:\Code\Vulkan-code\Vortex2D-vs\Vortex2D\Engine\Boundaries.cpp(272,33): warning C4273: “Vortex2D::Fluid::DistanceField::~DistanceField”: dll 链接不一致
D:\Code\Vulkan-code\Vortex2D-vs\Vortex2D\Engine\Boundaries.h(143,17): message : 参见“{dtor}”的前一个定义
D:\Code\Vulkan-code\Vortex2D-vs\Vortex2D\Engine\Boundaries.cpp(275,1): warning C4273: “Vortex2D::Fluid::DistanceField::Draw”: dll 链接不一致
D:\Code\Vulkan-code\Vortex2D-vs\Vortex2D\Engine\Boundaries.h(145,21): message : 参见“Draw”的前一个定义
  Cfl.cpp
D:\Code\Vulkan-code\Vortex2D-vs\Vortex2D\Engine\Cfl.cpp(15,5): warning C4273: “Vortex2D::Fluid::Cfl::Cfl”: dll 链接不一致
D:\Code\Vulkan-code\Vortex2D-vs\Vortex2D\Engine\Cfl.h(26,3): message : 参见“{ctor}”的前一个定义
D:\Code\Vulkan-code\Vortex2D-vs\Vortex2D\Engine\Cfl.cpp(37,1): warning C4273: “Vortex2D::Fluid::Cfl::Compute”: dll 链接不一致
D:\Code\Vulkan-code\Vortex2D-vs\Vortex2D\Engine\Cfl.h(31,21): message : 参见“Compute”的前一个定义
D:\Code\Vulkan-code\Vortex2D-vs\Vortex2D\Engine\Cfl.cpp(42,1): warning C4273: “Vortex2D::Fluid::Cfl::Get”: dll 链接不一致
D:\Code\Vulkan-code\Vortex2D-vs\Vortex2D\Engine\Cfl.h(37,22): message : 参见“Get”的前一个定义
  Density.cpp
D:\Code\Vulkan-code\Vortex2D-vs\Vortex2D\Engine\Density.cpp(13,5): warning C4273: “Vortex2D::Fluid::Density::Density”: dll 链接不一致
D:\Code\Vulkan-code\Vortex2D-vs\Vortex2D\Engine\Density.h(22,3): message : 参见“{ctor}”的前一个定义
  Extrapolation.cpp
D:\Code\Vulkan-code\Vortex2D-vs\Vortex2D\Engine\Extrapolation.cpp(18,5): warning C4273: “Vortex2D::Fluid::Extrapolation::Extrapolation”: dll 链接不一致
D:\Code\Vulkan-code\Vortex2D-vs\Vortex2D\Engine\Extrapolation.h(25,3): message : 参见“{ctor}”的前一个定义
D:\Code\Vulkan-code\Vortex2D-vs\Vortex2D\Engine\Extrapolation.cpp(57,1): warning C4273: “Vortex2D::Fluid::Extrapolation::Extrapolate”: dll 链接不一致
D:\Code\Vulkan-code\Vortex2D-vs\Vortex2D\Engine\Extrapolation.h(35,21): message : 参见“Extrapolate”的前一个定义
D:\Code\Vulkan-code\Vortex2D-vs\Vortex2D\Engine\Extrapolation.cpp(62,1): warning C4273: “Vortex2D::Fluid::Extrapolation::ConstrainBind”: dll 链接不一致
D:\Code\Vulkan-code\Vortex2D-vs\Vortex2D\Engine\Extrapolation.h(42,21): message : 参见“ConstrainBind”的前一个定义
D:\Code\Vulkan-code\Vortex2D-vs\Vortex2D\Engine\Extrapolation.cpp(75,1): warning C4273: “Vortex2D::Fluid::Extrapolation::ConstrainVelocity”: dll 链接不一致
D:\Code\Vulkan-code\Vortex2D-vs\Vortex2D\Engine\Extrapolation.h(48,21): message : 参见“ConstrainVelocity”的前一个定义
  LevelSet.cpp
D:\Code\Vulkan-code\Vortex2D-vs\Vortex2D\Engine\LevelSet.cpp(20,5): warning C4273: “Vortex2D::Fluid::LevelSet::LevelSet”: dll 链接不一致
D:\Code\Vulkan-code\Vortex2D-vs\Vortex2D\Engine\LevelSet.h(24,3): message : 参见“{ctor}”的前一个定义
D:\Code\Vulkan-code\Vortex2D-vs\Vortex2D\Engine\LevelSet.cpp(81,5): warning C4273: “Vortex2D::Fluid::LevelSet::LevelSet”: dll 链接不一致
D:\Code\Vulkan-code\Vortex2D-vs\Vortex2D\Engine\LevelSet.h(28,3): message : 参见“{ctor}”的前一个定义
D:\Code\Vulkan-code\Vortex2D-vs\Vortex2D\Engine\LevelSet.cpp(100,1): warning C4273: “Vortex2D::Fluid::LevelSet::ExtrapolateBind”: dll 链接不一致
D:\Code\Vulkan-code\Vortex2D-vs\Vortex2D\Engine\LevelSet.h(46,21): message : 参见“ExtrapolateBind”的前一个定义
D:\Code\Vulkan-code\Vortex2D-vs\Vortex2D\Engine\LevelSet.cpp(116,1): warning C4273: “Vortex2D::Fluid::LevelSet::Reinitialise”: dll 链接不一致
D:\Code\Vulkan-code\Vortex2D-vs\Vortex2D\Engine\LevelSet.h(34,21): message : 参见“Reinitialise”的前一个定义
D:\Code\Vulkan-code\Vortex2D-vs\Vortex2D\Engine\LevelSet.cpp(121,1): warning C4273: “Vortex2D::Fluid::LevelSet::ShrinkWrap”: dll 链接不一致
D:\Code\Vulkan-code\Vortex2D-vs\Vortex2D\Engine\LevelSet.h(39,21): message : 参见“ShrinkWrap”的前一个定义
D:\Code\Vulkan-code\Vortex2D-vs\Vortex2D\Engine\LevelSet.cpp(126,1): warning C4273: “Vortex2D::Fluid::LevelSet::Extrapolate”: dll 链接不一致
D:\Code\Vulkan-code\Vortex2D-vs\Vortex2D\Engine\LevelSet.h(52,21): message : 参见“Extrapolate”的前一个定义
  ConjugateGradient.cpp
D:\Code\Vulkan-code\Vortex2D-vs\Vortex2D\Engine\LinearSolver\ConjugateGradient.cpp(19,5): warning C4273: “Vortex2D::Fluid::ConjugateGradient::ConjugateGradient”: dll 链接不一致
D:\Code\Vulkan-code\Vortex2D-vs\Vortex2D\Engine\LinearSolver\ConjugateGradient.h(33,3): message : 参见“{ctor}”的前一个定义
D:\Code\Vulkan-code\Vortex2D-vs\Vortex2D\Engine\LinearSolver\ConjugateGradient.cpp(57,41): warning C4273: “Vortex2D::Fluid::ConjugateGradient::~ConjugateGradient”: dll 链接不一致
D:\Code\Vulkan-code\Vortex2D-vs\Vortex2D\Engine\LinearSolver\ConjugateGradient.h(37,17): message : 参见“{dtor}”的前一个定义
D:\Code\Vulkan-code\Vortex2D-vs\Vortex2D\Engine\LinearSolver\ConjugateGradient.cpp(63,1): warning C4273: “Vortex2D::Fluid::ConjugateGradient::Bind”: dll 链接不一致
D:\Code\Vulkan-code\Vortex2D-vs\Vortex2D\Engine\LinearSolver\ConjugateGradient.h(39,21): message : 参见“Bind”的前一个定义
D:\Code\Vulkan-code\Vortex2D-vs\Vortex2D\Engine\LinearSolver\ConjugateGradient.cpp(155,1): warning C4273: “Vortex2D::Fluid::ConjugateGradient::BindRigidbody”: dll 链接不一致
D:\Code\Vulkan-code\Vortex2D-vs\Vortex2D\Engine\LinearSolver\ConjugateGradient.h(44,21): message : 参见“BindRigidbody”的前一个定义
D:\Code\Vulkan-code\Vortex2D-vs\Vortex2D\Engine\LinearSolver\ConjugateGradient.cpp(160,1): warning C4273: “Vortex2D::Fluid::ConjugateGradient::Solve”: dll 链接不一致
D:\Code\Vulkan-code\Vortex2D-vs\Vortex2D\Engine\LinearSolver\ConjugateGradient.h(50,21): message : 参见“Solve”的前一个定义
D:\Code\Vulkan-code\Vortex2D-vs\Vortex2D\Engine\LinearSolver\ConjugateGradient.cpp(198,1): warning C4273: “Vortex2D::Fluid::ConjugateGradient::GetError”: dll 链接不一致
D:\Code\Vulkan-code\Vortex2D-vs\Vortex2D\Engine\LinearSolver\ConjugateGradient.h(53,22): message : 参见“GetError”的前一个定义
  Diagonal.cpp
D:\Code\Vulkan-code\Vortex2D-vs\Vortex2D\Engine\LinearSolver\Diagonal.cpp(15,5): warning C4273: “Vortex2D::Fluid::Diagonal::Diagonal”: dll 链接不一致
D:\Code\Vulkan-code\Vortex2D-vs\Vortex2D\Engine\LinearSolver\Diagonal.h(24,3): message : 参见“{ctor}”的前一个定义
D:\Code\Vulkan-code\Vortex2D-vs\Vortex2D\Engine\LinearSolver\Diagonal.cpp(19,23): warning C4273: “Vortex2D::Fluid::Diagonal::~Diagonal”: dll 链接不一致
D:\Code\Vulkan-code\Vortex2D-vs\Vortex2D\Engine\LinearSolver\Diagonal.h(25,17): message : 参见“{dtor}”的前一个定义
D:\Code\Vulkan-code\Vortex2D-vs\Vortex2D\Engine\LinearSolver\Diagonal.cpp(25,1): warning C4273: “Vortex2D::Fluid::Diagonal::Bind”: dll 链接不一致
D:\Code\Vulkan-code\Vortex2D-vs\Vortex2D\Engine\LinearSolver\Diagonal.h(27,21): message : 参见“Bind”的前一个定义
  GaussSeidel.cpp
D:\Code\Vulkan-code\Vortex2D-vs\Vortex2D\Engine\LinearSolver\GaussSeidel.cpp(17,5): warning C4273: “Vortex2D::Fluid::GaussSeidel::GaussSeidel”: dll 链接不一致
D:\Code\Vulkan-code\Vortex2D-vs\Vortex2D\Engine\LinearSolver\GaussSeidel.h(25,3): message : 参见“{ctor}”的前一个定义
D:\Code\Vulkan-code\Vortex2D-vs\Vortex2D\Engine\LinearSolver\GaussSeidel.cpp(26,29): warning C4273: “Vortex2D::Fluid::GaussSeidel::~GaussSeidel”: dll 链接不一致
D:\Code\Vulkan-code\Vortex2D-vs\Vortex2D\Engine\LinearSolver\GaussSeidel.h(26,17): message : 参见“{dtor}”的前一个定义
D:\Code\Vulkan-code\Vortex2D-vs\Vortex2D\Engine\LinearSolver\GaussSeidel.cpp(29,1): warning C4273: “Vortex2D::Fluid::GaussSeidel::SetW”: dll 链接不一致
D:\Code\Vulkan-code\Vortex2D-vs\Vortex2D\Engine\LinearSolver\GaussSeidel.h(59,21): message : 参见“SetW”的前一个定义
D:\Code\Vulkan-code\Vortex2D-vs\Vortex2D\Engine\LinearSolver\GaussSeidel.cpp(34,1): warning C4273: “Vortex2D::Fluid::GaussSeidel::SetPreconditionerIterations”: dll 链接不一致
D:\Code\Vulkan-code\Vortex2D-vs\Vortex2D\Engine\LinearSolver\GaussSeidel.h(65,21): message : 参见“SetPreconditionerIterations”的前一个定义
D:\Code\Vulkan-code\Vortex2D-vs\Vortex2D\Engine\LinearSolver\GaussSeidel.cpp(42,1): warning C4273: “Vortex2D::Fluid::GaussSeidel::Bind”: dll 链接不一致
D:\Code\Vulkan-code\Vortex2D-vs\Vortex2D\Engine\LinearSolver\GaussSeidel.h(28,21): message : 参见“Bind”的前一个定义
D:\Code\Vulkan-code\Vortex2D-vs\Vortex2D\Engine\LinearSolver\GaussSeidel.cpp(55,1): warning C4273: “Vortex2D::Fluid::GaussSeidel::BindRigidbody”: dll 链接不一致
D:\Code\Vulkan-code\Vortex2D-vs\Vortex2D\Engine\LinearSolver\GaussSeidel.h(33,21): message : 参见“BindRigidbody”的前一个定义
D:\Code\Vulkan-code\Vortex2D-vs\Vortex2D\Engine\LinearSolver\GaussSeidel.cpp(59,1): warning C4273: “Vortex2D::Fluid::GaussSeidel::Solve”: dll 链接不一致
D:\Code\Vulkan-code\Vortex2D-vs\Vortex2D\Engine\LinearSolver\GaussSeidel.h(40,21): message : 参见“Solve”的前一个定义
D:\Code\Vulkan-code\Vortex2D-vs\Vortex2D\Engine\LinearSolver\GaussSeidel.cpp(89,1): warning C4273: “Vortex2D::Fluid::GaussSeidel::GetError”: dll 链接不一致
D:\Code\Vulkan-code\Vortex2D-vs\Vortex2D\Engine\LinearSolver\GaussSeidel.h(43,22): message : 参见“GetError”的前一个定义
D:\Code\Vulkan-code\Vortex2D-vs\Vortex2D\Engine\LinearSolver\GaussSeidel.cpp(124,5): warning C4273: “Vortex2D::Fluid::LocalGaussSeidel::LocalGaussSeidel”: dll 链接不一致
D:\Code\Vulkan-code\Vortex2D-vs\Vortex2D\Engine\LinearSolver\GaussSeidel.h(88,3): message : 参见“{ctor}”的前一个定义
D:\Code\Vulkan-code\Vortex2D-vs\Vortex2D\Engine\LinearSolver\GaussSeidel.cpp(129,39): warning C4273: “Vortex2D::Fluid::LocalGaussSeidel::~LocalGaussSeidel”: dll 链接不一致
D:\Code\Vulkan-code\Vortex2D-vs\Vortex2D\Engine\LinearSolver\GaussSeidel.h(89,17): message : 参见“{dtor}”的前一个定义
D:\Code\Vulkan-code\Vortex2D-vs\Vortex2D\Engine\LinearSolver\GaussSeidel.cpp(135,1): warning C4273: “Vortex2D::Fluid::LocalGaussSeidel::Bind”: dll 链接不一致
D:\Code\Vulkan-code\Vortex2D-vs\Vortex2D\Engine\LinearSolver\GaussSeidel.h(91,21): message : 参见“Bind”的前一个定义
  IncompletePoisson.cpp
D:\Code\Vulkan-code\Vortex2D-vs\Vortex2D\Engine\LinearSolver\IncompletePoisson.cpp(15,5): warning C4273: “Vortex2D::Fluid::IncompletePoisson::IncompletePoisson”: dll 链接不一致
D:\Code\Vulkan-code\Vortex2D-vs\Vortex2D\Engine\LinearSolver\IncompletePoisson.h(24,3): message : 参见“{ctor}”的前一个定义
D:\Code\Vulkan-code\Vortex2D-vs\Vortex2D\Engine\LinearSolver\IncompletePoisson.cpp(19,41): warning C4273: “Vortex2D::Fluid::IncompletePoisson::~IncompletePoisson”: dll 链接不一致
D:\Code\Vulkan-code\Vortex2D-vs\Vortex2D\Engine\LinearSolver\IncompletePoisson.h(25,17): message : 参见“{dtor}”的前一个定义
D:\Code\Vulkan-code\Vortex2D-vs\Vortex2D\Engine\LinearSolver\IncompletePoisson.cpp(25,1): warning C4273: “Vortex2D::Fluid::IncompletePoisson::Bind”: dll 链接不一致
D:\Code\Vulkan-code\Vortex2D-vs\Vortex2D\Engine\LinearSolver\IncompletePoisson.h(27,21): message : 参见“Bind”的前一个定义
  Jacobi.cpp
  LinearSolver.cpp
D:\Code\Vulkan-code\Vortex2D-vs\Vortex2D\Engine\LinearSolver\LinearSolver.cpp(15,5): warning C4273: “Vortex2D::Fluid::LinearSolver::Parameters::Parameters”: dll 链接不一致
D:\Code\Vulkan-code\Vortex2D-vs\Vortex2D\Engine\LinearSolver\LinearSolver.h(48,5): message : 参见“{ctor}”的前一个定义
D:\Code\Vulkan-code\Vortex2D-vs\Vortex2D\Engine\LinearSolver\LinearSolver.cpp(26,5): warning C4273: “Vortex2D::Fluid::LinearSolver::Data::Data”: dll 链接不一致
D:\Code\Vulkan-code\Vortex2D-vs\Vortex2D\Engine\LinearSolver\LinearSolver.h(74,5): message : 参见“{ctor}”的前一个定义
D:\Code\Vulkan-code\Vortex2D-vs\Vortex2D\Engine\LinearSolver\LinearSolver.cpp(40,5): warning C4273: “Vortex2D::Fluid::LinearSolver::DebugData::DebugData”: dll 链接不一致
D:\Code\Vulkan-code\Vortex2D-vs\Vortex2D\Engine\LinearSolver\LinearSolver.h(89,5): message : 参见“{ctor}”的前一个定义
D:\Code\Vulkan-code\Vortex2D-vs\Vortex2D\Engine\LinearSolver\LinearSolver.cpp(51,5): warning C4273: “Vortex2D::Fluid::LinearSolver::DebugCopy::DebugCopy”: dll 链接不一致
D:\Code\Vulkan-code\Vortex2D-vs\Vortex2D\Engine\LinearSolver\LinearSolver.h(102,5): message : 参见“{ctor}”的前一个定义
D:\Code\Vulkan-code\Vortex2D-vs\Vortex2D\Engine\LinearSolver\LinearSolver.cpp(71,1): warning C4273: “Vortex2D::Fluid::LinearSolver::DebugCopy::Copy”: dll 链接不一致
D:\Code\Vulkan-code\Vortex2D-vs\Vortex2D\Engine\LinearSolver\LinearSolver.h(110,23): message : 参见“Copy”的前一个定义
D:\Code\Vulkan-code\Vortex2D-vs\Vortex2D\Engine\LinearSolver\LinearSolver.cpp(99,1): warning C4273: “Vortex2D::Fluid::FixedParams”: dll 链接不一致
D:\Code\Vulkan-code\Vortex2D-vs\Vortex2D\Engine\LinearSolver\LinearSolver.h(208,39): message : 参见“FixedParams”的前一个定义
D:\Code\Vulkan-code\Vortex2D-vs\Vortex2D\Engine\LinearSolver\LinearSolver.cpp(104,1): warning C4273: “Vortex2D::Fluid::IterativeParams”: dll 链接不一致
D:\Code\Vulkan-code\Vortex2D-vs\Vortex2D\Engine\LinearSolver\LinearSolver.h(216,39): message : 参见“IterativeParams”的前一个定义
D:\Code\Vulkan-code\Vortex2D-vs\Vortex2D\Engine\LinearSolver\LinearSolver.cpp(110,5): warning C4273: “Vortex2D::Fluid::LinearSolver::Error::Error”: dll 链接不一致
D:\Code\Vulkan-code\Vortex2D-vs\Vortex2D\Engine\LinearSolver\LinearSolver.h(157,5): message : 参见“{ctor}”的前一个定义
D:\Code\Vulkan-code\Vortex2D-vs\Vortex2D\Engine\LinearSolver\LinearSolver.cpp(124,1): warning C4273: “Vortex2D::Fluid::LinearSolver::Error::Bind”: dll 链接不一致
D:\Code\Vulkan-code\Vortex2D-vs\Vortex2D\Engine\LinearSolver\LinearSolver.h(166,23): message : 参见“Bind”的前一个定义
D:\Code\Vulkan-code\Vortex2D-vs\Vortex2D\Engine\LinearSolver\LinearSolver.cpp(141,1): warning C4273: “Vortex2D::Fluid::LinearSolver::Error::Submit”: dll 链接不一致
D:\Code\Vulkan-code\Vortex2D-vs\Vortex2D\Engine\LinearSolver\LinearSolver.h(175,25): message : 参见“Submit”的前一个定义
D:\Code\Vulkan-code\Vortex2D-vs\Vortex2D\Engine\LinearSolver\LinearSolver.cpp(147,1): warning C4273: “Vortex2D::Fluid::LinearSolver::Error::Wait”: dll 链接不一致
D:\Code\Vulkan-code\Vortex2D-vs\Vortex2D\Engine\LinearSolver\LinearSolver.h(181,25): message : 参见“Wait”的前一个定义
D:\Code\Vulkan-code\Vortex2D-vs\Vortex2D\Engine\LinearSolver\LinearSolver.cpp(153,1): warning C4273: “Vortex2D::Fluid::LinearSolver::Error::GetError”: dll 链接不一致
D:\Code\Vulkan-code\Vortex2D-vs\Vortex2D\Engine\LinearSolver\LinearSolver.h(187,24): message : 参见“GetError”的前一个定义
  Multigrid.cpp
D:\Code\Vulkan-code\Vortex2D-vs\Vortex2D\Engine\LinearSolver\Multigrid.cpp(73,5): warning C4273: “Vortex2D::Fluid::Multigrid::Multigrid”: dll 链接不一致
D:\Code\Vulkan-code\Vortex2D-vs\Vortex2D\Engine\LinearSolver\Multigrid.h(76,3): message : 参见“{ctor}”的前一个定义
D:\Code\Vulkan-code\Vortex2D-vs\Vortex2D\Engine\LinearSolver\Multigrid.cpp(107,25): warning C4273: “Vortex2D::Fluid::Multigrid::~Multigrid”: dll 链接不一致
D:\Code\Vulkan-code\Vortex2D-vs\Vortex2D\Engine\LinearSolver\Multigrid.h(82,17): message : 参见“{dtor}”的前一个定义
D:\Code\Vulkan-code\Vortex2D-vs\Vortex2D\Engine\LinearSolver\Multigrid.cpp(114,1): warning C4273: “Vortex2D::Fluid::Multigrid::Bind”: dll 链接不一致
D:\Code\Vulkan-code\Vortex2D-vs\Vortex2D\Engine\LinearSolver\Multigrid.h(84,21): message : 参见“Bind”的前一个定义
D:\Code\Vulkan-code\Vortex2D-vs\Vortex2D\Engine\LinearSolver\Multigrid.cpp(137,1): warning C4273: “Vortex2D::Fluid::Multigrid::BuildHierarchiesBind”: dll 链接不一致
D:\Code\Vulkan-code\Vortex2D-vs\Vortex2D\Engine\LinearSolver\Multigrid.h(95,21): message : 参见“BuildHierarchiesBind”的前一个定义
D:\Code\Vulkan-code\Vortex2D-vs\Vortex2D\Engine\LinearSolver\Multigrid.cpp(232,1): warning C4273: “Vortex2D::Fluid::Multigrid::BuildHierarchies”: dll 链接不一致
D:\Code\Vulkan-code\Vortex2D-vs\Vortex2D\Engine\LinearSolver\Multigrid.h(103,21): message : 参见“BuildHierarchies”的前一个定义
D:\Code\Vulkan-code\Vortex2D-vs\Vortex2D\Engine\LinearSolver\Multigrid.cpp(262,1): warning C4273: “Vortex2D::Fluid::Multigrid::Solve”: dll 链接不一致
D:\Code\Vulkan-code\Vortex2D-vs\Vortex2D\Engine\LinearSolver\Multigrid.h(114,21): message : 参见“Solve”的前一个定义
D:\Code\Vulkan-code\Vortex2D-vs\Vortex2D\Engine\LinearSolver\Multigrid.cpp(265,21): warning C4018: “<”: 有符号/无符号不匹配
D:\Code\Vulkan-code\Vortex2D-vs\Vortex2D\Engine\LinearSolver\Multigrid.cpp(272,1): warning C4273: “Vortex2D::Fluid::Multigrid::GetError”: dll 链接不一致
D:\Code\Vulkan-code\Vortex2D-vs\Vortex2D\Engine\LinearSolver\Multigrid.h(120,22): message : 参见“GetError”的前一个定义
  Reduce.cpp
D:\Code\Vulkan-code\Vortex2D-vs\Vortex2D\Engine\LinearSolver\Reduce.cpp(53,1): warning C4273: “Vortex2D::Fluid::Reduce::Bind”: dll 链接不一致
D:\Code\Vulkan-code\Vortex2D-vs\Vortex2D\Engine\LinearSolver\Reduce.h(57,30): message : 参见“Bind”的前一个定义
D:\Code\Vulkan-code\Vortex2D-vs\Vortex2D\Engine\LinearSolver\Reduce.cpp(89,1): warning C4273: “Vortex2D::Fluid::Reduce::Bound::Record”: dll 链接不一致
D:\Code\Vulkan-code\Vortex2D-vs\Vortex2D\Engine\LinearSolver\Reduce.h(37,23): message : 参见“Record”的前一个定义
D:\Code\Vulkan-code\Vortex2D-vs\Vortex2D\Engine\LinearSolver\Reduce.cpp(103,5): warning C4273: “Vortex2D::Fluid::ReduceSum::ReduceSum”: dll 链接不一致
D:\Code\Vulkan-code\Vortex2D-vs\Vortex2D\Engine\LinearSolver\Reduce.h(82,3): message : 参见“{ctor}”的前一个定义
D:\Code\Vulkan-code\Vortex2D-vs\Vortex2D\Engine\LinearSolver\Reduce.cpp(115,5): warning C4273: “Vortex2D::Fluid::ReduceJ::ReduceJ”: dll 链接不一致
D:\Code\Vulkan-code\Vortex2D-vs\Vortex2D\Engine\LinearSolver\Reduce.h(97,3): message : 参见“{ctor}”的前一个定义
D:\Code\Vulkan-code\Vortex2D-vs\Vortex2D\Engine\LinearSolver\Reduce.cpp(120,5): warning C4273: “Vortex2D::Fluid::ReduceMax::ReduceMax”: dll 链接不一致
D:\Code\Vulkan-code\Vortex2D-vs\Vortex2D\Engine\LinearSolver\Reduce.h(111,3): message : 参见“{ctor}”的前一个定义
  Transfer.cpp
D:\Code\Vulkan-code\Vortex2D-vs\Vortex2D\Engine\LinearSolver\Transfer.cpp(15,5): warning C4273: “Vortex2D::Fluid::Transfer::Transfer”: dll 链接不一致
D:\Code\Vulkan-code\Vortex2D-vs\Vortex2D\Engine\LinearSolver\Transfer.h(26,3): message : 参见“{ctor}”的前一个定义
D:\Code\Vulkan-code\Vortex2D-vs\Vortex2D\Engine\LinearSolver\Transfer.cpp(27,1): warning C4273: “Vortex2D::Fluid::Transfer::ProlongateBind”: dll 链接不一致
D:\Code\Vulkan-code\Vortex2D-vs\Vortex2D\Engine\LinearSolver\Transfer.h(41,21): message : 参见“ProlongateBind”的前一个定义
D:\Code\Vulkan-code\Vortex2D-vs\Vortex2D\Engine\LinearSolver\Transfer.cpp(45,1): warning C4273: “Vortex2D::Fluid::Transfer::RestrictBind”: dll 链接不一致
D:\Code\Vulkan-code\Vortex2D-vs\Vortex2D\Engine\LinearSolver\Transfer.h(60,21): message : 参见“RestrictBind”的前一个定义
D:\Code\Vulkan-code\Vortex2D-vs\Vortex2D\Engine\LinearSolver\Transfer.cpp(60,1): warning C4273: “Vortex2D::Fluid::Transfer::Prolongate”: dll 链接不一致
D:\Code\Vulkan-code\Vortex2D-vs\Vortex2D\Engine\LinearSolver\Transfer.h(73,21): message : 参见“Prolongate”的前一个定义
D:\Code\Vulkan-code\Vortex2D-vs\Vortex2D\Engine\LinearSolver\Transfer.cpp(69,1): warning C4273: “Vortex2D::Fluid::Transfer::Restrict”: dll 链接不一致
D:\Code\Vulkan-code\Vortex2D-vs\Vortex2D\Engine\LinearSolver\Transfer.h(81,21): message : 参见“Restrict”的前一个定义
  Particles.cpp
D:\Code\Vulkan-code\Vortex2D-vs\Vortex2D\Engine\Particles.cpp(18,1): warning C4273: “Vortex2D::Fluid::DefaultParticleSize”: dll 链接不一致
D:\Code\Vulkan-code\Vortex2D-vs\Vortex2D\Engine\Particles.h(26,20): message : 参见“DefaultParticleSize”的前一个定义
D:\Code\Vulkan-code\Vortex2D-vs\Vortex2D\Engine\Particles.cpp(29,5): warning C4273: “Vortex2D::Fluid::ParticleCount::ParticleCount”: dll 链接不一致
D:\Code\Vulkan-code\Vortex2D-vs\Vortex2D\Engine\Particles.h(35,3): message : 参见“{ctor}”的前一个定义
D:\Code\Vulkan-code\Vortex2D-vs\Vortex2D\Engine\Particles.cpp(129,1): warning C4273: “Vortex2D::Fluid::ParticleCount::Scan”: dll 链接不一致
D:\Code\Vulkan-code\Vortex2D-vs\Vortex2D\Engine\Particles.h(47,21): message : 参见“Scan”的前一个定义
D:\Code\Vulkan-code\Vortex2D-vs\Vortex2D\Engine\Particles.cpp(142,1): warning C4273: “Vortex2D::Fluid::ParticleCount::GetTotalCount”: dll 链接不一致
D:\Code\Vulkan-code\Vortex2D-vs\Vortex2D\Engine\Particles.h(53,20): message : 参见“GetTotalCount”的前一个定义
D:\Code\Vulkan-code\Vortex2D-vs\Vortex2D\Engine\Particles.cpp(151,1): warning C4273: “Vortex2D::Fluid::ParticleCount::GetDispatchParams”: dll 链接不一致
D:\Code\Vulkan-code\Vortex2D-vs\Vortex2D\Engine\Particles.h(59,68): message : 参见“GetDispatchParams”的前一个定义
D:\Code\Vulkan-code\Vortex2D-vs\Vortex2D\Engine\Particles.cpp(156,1): warning C4273: “Vortex2D::Fluid::ParticleCount::LevelSetBind”: dll 链接不一致
D:\Code\Vulkan-code\Vortex2D-vs\Vortex2D\Engine\Particles.h(66,21): message : 参见“LevelSetBind”的前一个定义
D:\Code\Vulkan-code\Vortex2D-vs\Vortex2D\Engine\Particles.cpp(174,1): warning C4273: “Vortex2D::Fluid::ParticleCount::Phi”: dll 链接不一致
D:\Code\Vulkan-code\Vortex2D-vs\Vortex2D\Engine\Particles.h(71,21): message : 参见“Phi”的前一个定义
D:\Code\Vulkan-code\Vortex2D-vs\Vortex2D\Engine\Particles.cpp(179,1): warning C4273: “Vortex2D::Fluid::ParticleCount::VelocitiesBind”: dll 链接不一致
D:\Code\Vulkan-code\Vortex2D-vs\Vortex2D\Engine\Particles.h(78,21): message : 参见“VelocitiesBind”的前一个定义
D:\Code\Vulkan-code\Vortex2D-vs\Vortex2D\Engine\Particles.cpp(204,1): warning C4273: “Vortex2D::Fluid::ParticleCount::TransferToGrid”: dll 链接不一致
D:\Code\Vulkan-code\Vortex2D-vs\Vortex2D\Engine\Particles.h(83,21): message : 参见“TransferToGrid”的前一个定义
D:\Code\Vulkan-code\Vortex2D-vs\Vortex2D\Engine\Particles.cpp(209,1): warning C4273: “Vortex2D::Fluid::ParticleCount::TransferFromGrid”: dll 链接不一致
D:\Code\Vulkan-code\Vortex2D-vs\Vortex2D\Engine\Particles.h(88,21): message : 参见“TransferFromGrid”的前一个定义
  PrefixScan.cpp
D:\Code\Vulkan-code\Vortex2D-vs\Vortex2D\Engine\PrefixScan.cpp(36,5): warning C4273: “Vortex2D::Fluid::PrefixScan::PrefixScan”: dll 链接不一致
D:\Code\Vulkan-code\Vortex2D-vs\Vortex2D\Engine\PrefixScan.h(50,3): message : 参见“{ctor}”的前一个定义
D:\Code\Vulkan-code\Vortex2D-vs\Vortex2D\Engine\PrefixScan.cpp(117,1): warning C4273: “Vortex2D::Fluid::PrefixScan::Bind”: dll 链接不一致
D:\Code\Vulkan-code\Vortex2D-vs\Vortex2D\Engine\PrefixScan.h(52,22): message : 参见“Bind”的前一个定义
D:\Code\Vulkan-code\Vortex2D-vs\Vortex2D\Engine\PrefixScan.cpp(133,1): warning C4273: “Vortex2D::Fluid::PrefixScan::Bound::Record”: dll 链接不一致
D:\Code\Vulkan-code\Vortex2D-vs\Vortex2D\Engine\PrefixScan.h(38,23): message : 参见“Record”的前一个定义
  Pressure.cpp
D:\Code\Vulkan-code\Vortex2D-vs\Vortex2D\Engine\Pressure.cpp(24,5): warning C4273: “Vortex2D::Fluid::Pressure::Pressure”: dll 链接不一致
D:\Code\Vulkan-code\Vortex2D-vs\Vortex2D\Engine\Pressure.h(28,3): message : 参见“{ctor}”的前一个定义
D:\Code\Vulkan-code\Vortex2D-vs\Vortex2D\Engine\Pressure.cpp(72,1): warning C4273: “Vortex2D::Fluid::Pressure::BuildLinearEquation”: dll 链接不一致
D:\Code\Vulkan-code\Vortex2D-vs\Vortex2D\Engine\Pressure.h(55,21): message : 参见“BuildLinearEquation”的前一个定义
D:\Code\Vulkan-code\Vortex2D-vs\Vortex2D\Engine\Pressure.cpp(77,1): warning C4273: “Vortex2D::Fluid::Pressure::ApplyPressure”: dll 链接不一致
D:\Code\Vulkan-code\Vortex2D-vs\Vortex2D\Engine\Pressure.h(61,21): message : 参见“ApplyPressure”的前一个定义
  Rigidbody.cpp
D:\Code\Vulkan-code\Vortex2D-vs\Vortex2D\Engine\Rigidbody.cpp(24,5): warning C4273: “Vortex2D::Fluid::RigidBody::RigidBody”: dll 链接不一致
D:\Code\Vulkan-code\Vortex2D-vs\Vortex2D\Engine\Rigidbody.h(57,3): message : 参见“{ctor}”的前一个定义
D:\Code\Vulkan-code\Vortex2D-vs\Vortex2D\Engine\Rigidbody.cpp(57,25): warning C4273: “Vortex2D::Fluid::RigidBody::~RigidBody”: dll 链接不一致
D:\Code\Vulkan-code\Vortex2D-vs\Vortex2D\Engine\Rigidbody.h(62,17): message : 参见“{dtor}”的前一个定义
D:\Code\Vulkan-code\Vortex2D-vs\Vortex2D\Engine\Rigidbody.cpp(59,31): warning C4273: “Vortex2D::Fluid::RigidBody::ApplyForces”: dll 链接不一致
D:\Code\Vulkan-code\Vortex2D-vs\Vortex2D\Engine\Rigidbody.h(68,29): message : 参见“ApplyForces”的前一个定义
D:\Code\Vulkan-code\Vortex2D-vs\Vortex2D\Engine\Rigidbody.cpp(61,35): warning C4273: “Vortex2D::Fluid::RigidBody::ApplyVelocities”: dll 链接不一致
D:\Code\Vulkan-code\Vortex2D-vs\Vortex2D\Engine\Rigidbody.h(74,29): message : 参见“ApplyVelocities”的前一个定义
D:\Code\Vulkan-code\Vortex2D-vs\Vortex2D\Engine\Rigidbody.cpp(64,1): warning C4273: “Vortex2D::Fluid::RigidBody::SetMassData”: dll 链接不一致
D:\Code\Vulkan-code\Vortex2D-vs\Vortex2D\Engine\Rigidbody.h(81,21): message : 参见“SetMassData”的前一个定义
D:\Code\Vulkan-code\Vortex2D-vs\Vortex2D\Engine\Rigidbody.cpp(70,1): warning C4273: “Vortex2D::Fluid::RigidBody::SetVelocities”: dll 链接不一致
D:\Code\Vulkan-code\Vortex2D-vs\Vortex2D\Engine\Rigidbody.h(88,21): message : 参见“SetVelocities”的前一个定义
D:\Code\Vulkan-code\Vortex2D-vs\Vortex2D\Engine\Rigidbody.cpp(78,1): warning C4273: “Vortex2D::Fluid::RigidBody::GetForces”: dll 链接不一致
D:\Code\Vulkan-code\Vortex2D-vs\Vortex2D\Engine\Rigidbody.h(165,25): message : 参见“GetForces”的前一个定义
D:\Code\Vulkan-code\Vortex2D-vs\Vortex2D\Engine\Rigidbody.cpp(91,1): warning C4273: “Vortex2D::Fluid::RigidBody::UpdatePosition”: dll 链接不一致
D:\Code\Vulkan-code\Vortex2D-vs\Vortex2D\Engine\Rigidbody.h(93,21): message : 参见“UpdatePosition”的前一个定义
D:\Code\Vulkan-code\Vortex2D-vs\Vortex2D\Engine\Rigidbody.cpp(96,1): warning C4273: “Vortex2D::Fluid::RigidBody::RenderPhi”: dll 链接不一致
D:\Code\Vulkan-code\Vortex2D-vs\Vortex2D\Engine\Rigidbody.h(99,21): message : 参见“RenderPhi”的前一个定义
D:\Code\Vulkan-code\Vortex2D-vs\Vortex2D\Engine\Rigidbody.cpp(103,1): warning C4273: “Vortex2D::Fluid::RigidBody::BindPhi”: dll 链接不一致
D:\Code\Vulkan-code\Vortex2D-vs\Vortex2D\Engine\Rigidbody.h(105,21): message : 参见“BindPhi”的前一个定义
D:\Code\Vulkan-code\Vortex2D-vs\Vortex2D\Engine\Rigidbody.cpp(108,1): warning C4273: “Vortex2D::Fluid::RigidBody::BindDiv”: dll 链接不一致
D:\Code\Vulkan-code\Vortex2D-vs\Vortex2D\Engine\Rigidbody.h(113,21): message : 参见“BindDiv”的前一个定义
D:\Code\Vulkan-code\Vortex2D-vs\Vortex2D\Engine\Rigidbody.cpp(120,1): warning C4273: “Vortex2D::Fluid::RigidBody::BindVelocityConstrain”: dll 链接不一致
D:\Code\Vulkan-code\Vortex2D-vs\Vortex2D\Engine\Rigidbody.h(119,21): message : 参见“BindVelocityConstrain”的前一个定义
D:\Code\Vulkan-code\Vortex2D-vs\Vortex2D\Engine\Rigidbody.cpp(132,1): warning C4273: “Vortex2D::Fluid::RigidBody::BindForce”: dll 链接不一致
D:\Code\Vulkan-code\Vortex2D-vs\Vortex2D\Engine\Rigidbody.h(126,21): message : 参见“BindForce”的前一个定义
D:\Code\Vulkan-code\Vortex2D-vs\Vortex2D\Engine\Rigidbody.cpp(151,1): warning C4273: “Vortex2D::Fluid::RigidBody::BindPressure”: dll 链接不一致
D:\Code\Vulkan-code\Vortex2D-vs\Vortex2D\Engine\Rigidbody.h(135,21): message : 参见“BindPressure”的前一个定义
D:\Code\Vulkan-code\Vortex2D-vs\Vortex2D\Engine\Rigidbody.cpp(171,1): warning C4273: “Vortex2D::Fluid::RigidBody::Div”: dll 链接不一致
D:\Code\Vulkan-code\Vortex2D-vs\Vortex2D\Engine\Rigidbody.h(144,21): message : 参见“Div”的前一个定义
D:\Code\Vulkan-code\Vortex2D-vs\Vortex2D\Engine\Rigidbody.cpp(179,1): warning C4273: “Vortex2D::Fluid::RigidBody::Force”: dll 链接不一致
D:\Code\Vulkan-code\Vortex2D-vs\Vortex2D\Engine\Rigidbody.h(149,21): message : 参见“Force”的前一个定义
D:\Code\Vulkan-code\Vortex2D-vs\Vortex2D\Engine\Rigidbody.cpp(187,1): warning C4273: “Vortex2D::Fluid::RigidBody::Pressure”: dll 链接不一致
D:\Code\Vulkan-code\Vortex2D-vs\Vortex2D\Engine\Rigidbody.h(154,21): message : 参见“Pressure”的前一个定义
D:\Code\Vulkan-code\Vortex2D-vs\Vortex2D\Engine\Rigidbody.cpp(195,1): warning C4273: “Vortex2D::Fluid::RigidBody::VelocityConstrain”: dll 链接不一致
D:\Code\Vulkan-code\Vortex2D-vs\Vortex2D\Engine\Rigidbody.h(159,21): message : 参见“VelocityConstrain”的前一个定义
D:\Code\Vulkan-code\Vortex2D-vs\Vortex2D\Engine\Rigidbody.cpp(203,1): warning C4273: “Vortex2D::Fluid::RigidBody::GetType”: dll 链接不一致
D:\Code\Vulkan-code\Vortex2D-vs\Vortex2D\Engine\Rigidbody.h(171,32): message : 参见“GetType”的前一个定义
D:\Code\Vulkan-code\Vortex2D-vs\Vortex2D\Engine\Rigidbody.cpp(208,1): warning C4273: “Vortex2D::Fluid::RigidBody::SetType”: dll 链接不一致
D:\Code\Vulkan-code\Vortex2D-vs\Vortex2D\Engine\Rigidbody.h(177,21): message : 参见“SetType”的前一个定义
D:\Code\Vulkan-code\Vortex2D-vs\Vortex2D\Engine\Rigidbody.cpp(213,1): warning C4273: “Vortex2D::Fluid::RigidBody::Phi”: dll 链接不一致
D:\Code\Vulkan-code\Vortex2D-vs\Vortex2D\Engine\Rigidbody.h(183,41): message : 参见“Phi”的前一个定义
  Velocity.cpp
D:\Code\Vulkan-code\Vortex2D-vs\Vortex2D\Engine\Velocity.cpp(15,5): warning C4273: “Vortex2D::Fluid::Velocity::Velocity”: dll 链接不一致
D:\Code\Vulkan-code\Vortex2D-vs\Vortex2D\Engine\Velocity.h(36,3): message : 参见“{ctor}”的前一个定义
D:\Code\Vulkan-code\Vortex2D-vs\Vortex2D\Engine\Velocity.cpp(42,1): warning C4273: “Vortex2D::Fluid::Velocity::Output”: dll 链接不一致
D:\Code\Vulkan-code\Vortex2D-vs\Vortex2D\Engine\Velocity.h(43,35): message : 参见“Output”的前一个定义
D:\Code\Vulkan-code\Vortex2D-vs\Vortex2D\Engine\Velocity.cpp(47,1): warning C4273: “Vortex2D::Fluid::Velocity::D”: dll 链接不一致
D:\Code\Vulkan-code\Vortex2D-vs\Vortex2D\Engine\Velocity.h(50,35): message : 参见“D”的前一个定义
D:\Code\Vulkan-code\Vortex2D-vs\Vortex2D\Engine\Velocity.cpp(52,1): warning C4273: “Vortex2D::Fluid::Velocity::CopyBack”: dll 链接不一致
D:\Code\Vulkan-code\Vortex2D-vs\Vortex2D\Engine\Velocity.h(56,21): message : 参见“CopyBack”的前一个定义
D:\Code\Vulkan-code\Vortex2D-vs\Vortex2D\Engine\Velocity.cpp(57,1): warning C4273: “Vortex2D::Fluid::Velocity::Clear”: dll 链接不一致
D:\Code\Vulkan-code\Vortex2D-vs\Vortex2D\Engine\Velocity.h(62,21): message : 参见“Clear”的前一个定义
D:\Code\Vulkan-code\Vortex2D-vs\Vortex2D\Engine\Velocity.cpp(62,1): warning C4273: “Vortex2D::Fluid::Velocity::SaveCopy”: dll 链接不一致
D:\Code\Vulkan-code\Vortex2D-vs\Vortex2D\Engine\Velocity.h(67,21): message : 参见“SaveCopy”的前一个定义
D:\Code\Vulkan-code\Vortex2D-vs\Vortex2D\Engine\Velocity.cpp(67,1): warning C4273: “Vortex2D::Fluid::Velocity::VelocityDiff”: dll 链接不一致
D:\Code\Vulkan-code\Vortex2D-vs\Vortex2D\Engine\Velocity.h(73,21): message : 参见“VelocityDiff”的前一个定义
  正在生成代码...
  正在编译...
  World.cpp
D:\Code\Vulkan-code\Vortex2D-vs\Vortex2D\Engine\World.cpp(94,1): warning C4273: “Vortex2D::Fluid::World::Step”: dll 链接不一致
D:\Code\Vulkan-code\Vortex2D-vs\Vortex2D\Engine\World.h(70,21): message : 参见“Step”的前一个定义
D:\Code\Vulkan-code\Vortex2D-vs\Vortex2D\Engine\World.cpp(103,1): warning C4273: “Vortex2D::Fluid::World::RecordVelocity”: dll 链接不一致
D:\Code\Vulkan-code\Vortex2D-vs\Vortex2D\Engine\World.h(79,40): message : 参见“RecordVelocity”的前一个定义
D:\Code\Vulkan-code\Vortex2D-vs\Vortex2D\Engine\World.cpp(118,1): warning C4273: “Vortex2D::Fluid::World::SubmitVelocity”: dll 链接不一致
D:\Code\Vulkan-code\Vortex2D-vs\Vortex2D\Engine\World.h(87,21): message : 参见“SubmitVelocity”的前一个定义
D:\Code\Vulkan-code\Vortex2D-vs\Vortex2D\Engine\World.cpp(123,1): warning C4273: “Vortex2D::Fluid::World::RecordLiquidPhi”: dll 链接不一致
D:\Code\Vulkan-code\Vortex2D-vs\Vortex2D\Engine\World.h(96,40): message : 参见“RecordLiquidPhi”的前一个定义
D:\Code\Vulkan-code\Vortex2D-vs\Vortex2D\Engine\World.cpp(128,1): warning C4273: “Vortex2D::Fluid::World::RecordStaticSolidPhi”: dll 链接不一致
D:\Code\Vulkan-code\Vortex2D-vs\Vortex2D\Engine\World.h(106,40): message : 参见“RecordStaticSolidPhi”的前一个定义
D:\Code\Vulkan-code\Vortex2D-vs\Vortex2D\Engine\World.cpp(133,1): warning C4273: “Vortex2D::Fluid::World::LiquidDistanceField”: dll 链接不一致
D:\Code\Vulkan-code\Vortex2D-vs\Vortex2D\Engine\World.h(114,30): message : 参见“LiquidDistanceField”的前一个定义
D:\Code\Vulkan-code\Vortex2D-vs\Vortex2D\Engine\World.cpp(138,1): warning C4273: “Vortex2D::Fluid::World::SolidDistanceField”: dll 链接不一致
D:\Code\Vulkan-code\Vortex2D-vs\Vortex2D\Engine\World.h(120,30): message : 参见“SolidDistanceField”的前一个定义
D:\Code\Vulkan-code\Vortex2D-vs\Vortex2D\Engine\World.cpp(143,1): warning C4273: “Vortex2D::Fluid::World::AddRigidbody”: dll 链接不一致
D:\Code\Vulkan-code\Vortex2D-vs\Vortex2D\Engine\World.h(126,21): message : 参见“AddRigidbody”的前一个定义
D:\Code\Vulkan-code\Vortex2D-vs\Vortex2D\Engine\World.cpp(154,1): warning C4273: “Vortex2D::Fluid::World::RemoveRigidBody”: dll 链接不一致
D:\Code\Vulkan-code\Vortex2D-vs\Vortex2D\Engine\World.h(132,21): message : 参见“RemoveRigidBody”的前一个定义
D:\Code\Vulkan-code\Vortex2D-vs\Vortex2D\Engine\World.cpp(160,1): warning C4273: “Vortex2D::Fluid::World::AttachRigidBodySolver”: dll 链接不一致
D:\Code\Vulkan-code\Vortex2D-vs\Vortex2D\Engine\World.h(138,21): message : 参见“AttachRigidBodySolver”的前一个定义
D:\Code\Vulkan-code\Vortex2D-vs\Vortex2D\Engine\World.cpp(179,1): warning C4273: “Vortex2D::Fluid::World::GetCFL”: dll 链接不一致
D:\Code\Vulkan-code\Vortex2D-vs\Vortex2D\Engine\World.h(144,22): message : 参见“GetCFL”的前一个定义
D:\Code\Vulkan-code\Vortex2D-vs\Vortex2D\Engine\World.cpp(185,1): warning C4273: “Vortex2D::Fluid::World::GetVelocity”: dll 链接不一致
D:\Code\Vulkan-code\Vortex2D-vs\Vortex2D\Engine\World.h(150,35): message : 参见“GetVelocity”的前一个定义
D:\Code\Vulkan-code\Vortex2D-vs\Vortex2D\Engine\World.cpp(193,5): warning C4273: “Vortex2D::Fluid::SmokeWorld::SmokeWorld”: dll 链接不一致
D:\Code\Vulkan-code\Vortex2D-vs\Vortex2D\Engine\World.h(199,3): message : 参见“{ctor}”的前一个定义
D:\Code\Vulkan-code\Vortex2D-vs\Vortex2D\Engine\World.cpp(197,27): warning C4273: “Vortex2D::Fluid::SmokeWorld::~SmokeWorld”: dll 链接不一致
D:\Code\Vulkan-code\Vortex2D-vs\Vortex2D\Engine\World.h(203,17): message : 参见“{dtor}”的前一个定义
D:\Code\Vulkan-code\Vortex2D-vs\Vortex2D\Engine\World.cpp(239,1): warning C4273: “Vortex2D::Fluid::SmokeWorld::FieldBind”: dll 链接不一致
D:\Code\Vulkan-code\Vortex2D-vs\Vortex2D\Engine\World.h(209,21): message : 参见“FieldBind”的前一个定义
D:\Code\Vulkan-code\Vortex2D-vs\Vortex2D\Engine\World.cpp(248,5): warning C4273: “Vortex2D::Fluid::WaterWorld::WaterWorld”: dll 链接不一致
D:\Code\Vulkan-code\Vortex2D-vs\Vortex2D\Engine\World.h(221,3): message : 参见“{ctor}”的前一个定义
D:\Code\Vulkan-code\Vortex2D-vs\Vortex2D\Engine\World.cpp(260,27): warning C4273: “Vortex2D::Fluid::WaterWorld::~WaterWorld”: dll 链接不一致
D:\Code\Vulkan-code\Vortex2D-vs\Vortex2D\Engine\World.h(226,17): message : 参见“{dtor}”的前一个定义
D:\Code\Vulkan-code\Vortex2D-vs\Vortex2D\Engine\World.cpp(329,1): warning C4273: “Vortex2D::Fluid::WaterWorld::RecordParticleCount”: dll 链接不一致
D:\Code\Vulkan-code\Vortex2D-vs\Vortex2D\Engine\World.h(237,40): message : 参见“RecordParticleCount”的前一个定义
D:\Code\Vulkan-code\Vortex2D-vs\Vortex2D\Engine\World.cpp(334,1): warning C4273: “Vortex2D::Fluid::WaterWorld::ParticlePhi”: dll 链接不一致
D:\Code\Vulkan-code\Vortex2D-vs\Vortex2D\Engine\World.h(244,21): message : 参见“ParticlePhi”的前一个定义
  Buffer.cpp
D:\Code\Vulkan-code\Vortex2D-vs\Vortex2D\Renderer\Buffer.cpp(20,1): warning C4273: “Vortex2D::Renderer::BufferBarrier”: dll 链接不一致
D:\Code\Vulkan-code\Vortex2D-vs\Vortex2D\Renderer\Buffer.h(240,19): message : 参见“BufferBarrier”的前一个定义
D:\Code\Vulkan-code\Vortex2D-vs\Vortex2D\Renderer\Buffer.cpp(41,5): warning C4273: “Vortex2D::Renderer::GenericBuffer::GenericBuffer”: dll 链接不一致
D:\Code\Vulkan-code\Vortex2D-vs\Vortex2D\Renderer\Buffer.h(25,3): message : 参见“{ctor}”的前一个定义
D:\Code\Vulkan-code\Vortex2D-vs\Vortex2D\Renderer\Buffer.cpp(51,1): warning C4273: “Vortex2D::Renderer::GenericBuffer::~GenericBuffer”: dll 链接不一致
D:\Code\Vulkan-code\Vortex2D-vs\Vortex2D\Renderer\Buffer.h(30,25): message : 参见“{dtor}”的前一个定义
D:\Code\Vulkan-code\Vortex2D-vs\Vortex2D\Renderer\Buffer.cpp(59,5): warning C4273: “Vortex2D::Renderer::GenericBuffer::GenericBuffer”: dll 链接不一致
D:\Code\Vulkan-code\Vortex2D-vs\Vortex2D\Renderer\Buffer.h(32,3): message : 参见“{ctor}”的前一个定义
D:\Code\Vulkan-code\Vortex2D-vs\Vortex2D\Renderer\Buffer.cpp(92,1): warning C4273: “Vortex2D::Renderer::GenericBuffer::Handle”: dll 链接不一致
D:\Code\Vulkan-code\Vortex2D-vs\Vortex2D\Renderer\Buffer.h(51,27): message : 参见“Handle”的前一个定义
D:\Code\Vulkan-code\Vortex2D-vs\Vortex2D\Renderer\Buffer.cpp(97,1): warning C4273: “Vortex2D::Renderer::GenericBuffer::Size”: dll 链接不一致
D:\Code\Vulkan-code\Vortex2D-vs\Vortex2D\Renderer\Buffer.h(56,31): message : 参见“Size”的前一个定义
D:\Code\Vulkan-code\Vortex2D-vs\Vortex2D\Renderer\Buffer.cpp(102,1): warning C4273: “Vortex2D::Renderer::GenericBuffer::Resize”: dll 链接不一致
D:\Code\Vulkan-code\Vortex2D-vs\Vortex2D\Renderer\Buffer.h(62,21): message : 参见“Resize”的前一个定义
D:\Code\Vulkan-code\Vortex2D-vs\Vortex2D\Renderer\Buffer.cpp(113,1): warning C4273: “Vortex2D::Renderer::GenericBuffer::CopyFrom”: dll 链接不一致
D:\Code\Vulkan-code\Vortex2D-vs\Vortex2D\Renderer\Buffer.h(39,21): message : 参见“CopyFrom”的前一个定义
D:\Code\Vulkan-code\Vortex2D-vs\Vortex2D\Renderer\Buffer.cpp(134,1): warning C4273: “Vortex2D::Renderer::GenericBuffer::CopyFrom”: dll 链接不一致
D:\Code\Vulkan-code\Vortex2D-vs\Vortex2D\Renderer\Buffer.h(46,21): message : 参见“CopyFrom”的前一个定义
D:\Code\Vulkan-code\Vortex2D-vs\Vortex2D\Renderer\Buffer.cpp(167,1): warning C4273: “Vortex2D::Renderer::GenericBuffer::Barrier”: dll 链接不一致
D:\Code\Vulkan-code\Vortex2D-vs\Vortex2D\Renderer\Buffer.h(70,21): message : 参见“Barrier”的前一个定义
D:\Code\Vulkan-code\Vortex2D-vs\Vortex2D\Renderer\Buffer.cpp(172,1): warning C4273: “Vortex2D::Renderer::GenericBuffer::Clear”: dll 链接不一致
D:\Code\Vulkan-code\Vortex2D-vs\Vortex2D\Renderer\Buffer.h(78,21): message : 参见“Clear”的前一个定义
D:\Code\Vulkan-code\Vortex2D-vs\Vortex2D\Renderer\Buffer.cpp(179,1): warning C4273: “Vortex2D::Renderer::GenericBuffer::CopyFrom”: dll 链接不一致
D:\Code\Vulkan-code\Vortex2D-vs\Vortex2D\Renderer\Buffer.h(86,21): message : 参见“CopyFrom”的前一个定义
D:\Code\Vulkan-code\Vortex2D-vs\Vortex2D\Renderer\Buffer.cpp(203,1): warning C4273: “Vortex2D::Renderer::GenericBuffer::CopyTo”: dll 链接不一致
D:\Code\Vulkan-code\Vortex2D-vs\Vortex2D\Renderer\Buffer.h(94,21): message : 参见“CopyTo”的前一个定义
  CommandBuffer.cpp
D:\Code\Vulkan-code\Vortex2D-vs\Vortex2D\Renderer\CommandBuffer.cpp(23,5): warning C4273: “Vortex2D::Renderer::CommandBuffer::CommandBuffer”: dll 链接不一致
D:\Code\Vulkan-code\Vortex2D-vs\Vortex2D\Renderer\CommandBuffer.h(37,3): message : 参见“{ctor}”的前一个定义
D:\Code\Vulkan-code\Vortex2D-vs\Vortex2D\Renderer\CommandBuffer.cpp(32,1): warning C4273: “Vortex2D::Renderer::CommandBuffer::~CommandBuffer”: dll 链接不一致
D:\Code\Vulkan-code\Vortex2D-vs\Vortex2D\Renderer\CommandBuffer.h(38,17): message : 参见“{dtor}”的前一个定义
D:\Code\Vulkan-code\Vortex2D-vs\Vortex2D\Renderer\CommandBuffer.cpp(41,5): warning C4273: “Vortex2D::Renderer::CommandBuffer::CommandBuffer”: dll 链接不一致
D:\Code\Vulkan-code\Vortex2D-vs\Vortex2D\Renderer\CommandBuffer.h(40,3): message : 参见“{ctor}”的前一个定义
D:\Code\Vulkan-code\Vortex2D-vs\Vortex2D\Renderer\CommandBuffer.cpp(52,1): warning C4273: “Vortex2D::Renderer::CommandBuffer::operator =”: dll 链接不一致
D:\Code\Vulkan-code\Vortex2D-vs\Vortex2D\Renderer\CommandBuffer.h(41,31): message : 参见“=”的前一个定义
D:\Code\Vulkan-code\Vortex2D-vs\Vortex2D\Renderer\CommandBuffer.cpp(66,1): warning C4273: “Vortex2D::Renderer::CommandBuffer::Record”: dll 链接不一致
D:\Code\Vulkan-code\Vortex2D-vs\Vortex2D\Renderer\CommandBuffer.h(49,31): message : 参见“Record”的前一个定义
D:\Code\Vulkan-code\Vortex2D-vs\Vortex2D\Renderer\CommandBuffer.cpp(83,1): warning C4273: “Vortex2D::Renderer::CommandBuffer::Record”: dll 链接不一致
D:\Code\Vulkan-code\Vortex2D-vs\Vortex2D\Renderer\CommandBuffer.h(60,31): message : 参见“Record”的前一个定义
D:\Code\Vulkan-code\Vortex2D-vs\Vortex2D\Renderer\CommandBuffer.cpp(108,1): warning C4273: “Vortex2D::Renderer::CommandBuffer::Wait”: dll 链接不一致
D:\Code\Vulkan-code\Vortex2D-vs\Vortex2D\Renderer\CommandBuffer.h(68,31): message : 参见“Wait”的前一个定义
D:\Code\Vulkan-code\Vortex2D-vs\Vortex2D\Renderer\CommandBuffer.cpp(118,1): warning C4273: “Vortex2D::Renderer::CommandBuffer::Reset”: dll 链接不一致
D:\Code\Vulkan-code\Vortex2D-vs\Vortex2D\Renderer\CommandBuffer.h(73,31): message : 参见“Reset”的前一个定义
D:\Code\Vulkan-code\Vortex2D-vs\Vortex2D\Renderer\CommandBuffer.cpp(129,1): warning C4273: “Vortex2D::Renderer::CommandBuffer::Submit”: dll 链接不一致
D:\Code\Vulkan-code\Vortex2D-vs\Vortex2D\Renderer\CommandBuffer.h(78,31): message : 参见“Submit”的前一个定义
D:\Code\Vulkan-code\Vortex2D-vs\Vortex2D\Renderer\CommandBuffer.cpp(160,1): warning C4273: “Vortex2D::Renderer::CommandBuffer::operator bool”: dll 链接不一致
D:\Code\Vulkan-code\Vortex2D-vs\Vortex2D\Renderer\CommandBuffer.h(86,25): message : 参见“operator bool”的前一个定义
D:\Code\Vulkan-code\Vortex2D-vs\Vortex2D\Renderer\CommandBuffer.cpp(165,5): warning C4273: “Vortex2D::Renderer::RenderCommand::RenderCommand”: dll 链接不一致
D:\Code\Vulkan-code\Vortex2D-vs\Vortex2D\Renderer\CommandBuffer.h(107,3): message : 参见“{ctor}”的前一个定义
D:\Code\Vulkan-code\Vortex2D-vs\Vortex2D\Renderer\CommandBuffer.cpp(175,32): warning C4273: “Vortex2D::Renderer::RenderCommand::RenderCommand”: dll 链接不一致
D:\Code\Vulkan-code\Vortex2D-vs\Vortex2D\Renderer\CommandBuffer.h(104,3): message : 参见“{ctor}”的前一个定义
D:\Code\Vulkan-code\Vortex2D-vs\Vortex2D\Renderer\CommandBuffer.cpp(178,1): warning C4273: “Vortex2D::Renderer::RenderCommand::~RenderCommand”: dll 链接不一致
D:\Code\Vulkan-code\Vortex2D-vs\Vortex2D\Renderer\CommandBuffer.h(105,17): message : 参见“{dtor}”的前一个定义
D:\Code\Vulkan-code\Vortex2D-vs\Vortex2D\Renderer\CommandBuffer.cpp(186,1): warning C4273: “Vortex2D::Renderer::RenderCommand::operator =”: dll 链接不一致
D:\Code\Vulkan-code\Vortex2D-vs\Vortex2D\Renderer\CommandBuffer.h(108,31): message : 参见“=”的前一个定义
D:\Code\Vulkan-code\Vortex2D-vs\Vortex2D\Renderer\CommandBuffer.cpp(249,1): warning C4273: “Vortex2D::Renderer::RenderCommand::Submit”: dll 链接不一致
D:\Code\Vulkan-code\Vortex2D-vs\Vortex2D\Renderer\CommandBuffer.h(115,31): message : 参见“Submit”的前一个定义
D:\Code\Vulkan-code\Vortex2D-vs\Vortex2D\Renderer\CommandBuffer.cpp(261,1): warning C4273: “Vortex2D::Renderer::RenderCommand::Wait”: dll 链接不一致
D:\Code\Vulkan-code\Vortex2D-vs\Vortex2D\Renderer\CommandBuffer.h(120,21): message : 参见“Wait”的前一个定义
D:\Code\Vulkan-code\Vortex2D-vs\Vortex2D\Renderer\CommandBuffer.cpp(287,1): warning C4273: “Vortex2D::Renderer::RenderCommand::operator bool”: dll 链接不一致
D:\Code\Vulkan-code\Vortex2D-vs\Vortex2D\Renderer\CommandBuffer.h(126,25): message : 参见“operator bool”的前一个定义
  DescriptorSet.cpp
D:\Code\Vulkan-code\Vortex2D-vs\Vortex2D\Renderer\DescriptorSet.cpp(29,5): warning C4273: “Vortex2D::Renderer::ShaderLayout::ShaderLayout”: dll 链接不一致
D:\Code\Vulkan-code\Vortex2D-vs\Vortex2D\Renderer\DescriptorSet.h(33,3): message : 参见“{ctor}”的前一个定义
D:\Code\Vulkan-code\Vortex2D-vs\Vortex2D\Renderer\DescriptorSet.cpp(55,1): warning C4273: “Vortex2D::Renderer::LayoutManager::GetDescriptorSetLayout”: dll 链接不一致
D:\Code\Vulkan-code\Vortex2D-vs\Vortex2D\Renderer\DescriptorSet.h(90,40): message : 参见“GetDescriptorSetLayout”的前一个定义
D:\Code\Vulkan-code\Vortex2D-vs\Vortex2D\Renderer\DescriptorSet.cpp(88,1): warning C4273: “Vortex2D::Renderer::LayoutManager::GetPipelineLayout”: dll 链接不一致
D:\Code\Vulkan-code\Vortex2D-vs\Vortex2D\Renderer\DescriptorSet.h(97,35): message : 参见“GetPipelineLayout”的前一个定义
D:\Code\Vulkan-code\Vortex2D-vs\Vortex2D\Renderer\DescriptorSet.cpp(127,1): warning C4273: “Vortex2D::Renderer::LayoutManager::MakeDescriptorSet”: dll 链接不一致
D:\Code\Vulkan-code\Vortex2D-vs\Vortex2D\Renderer\DescriptorSet.h(82,30): message : 参见“MakeDescriptorSet”的前一个定义
D:\Code\Vulkan-code\Vortex2D-vs\Vortex2D\Renderer\DescriptorSet.cpp(145,5): warning C4273: “Vortex2D::Renderer::BindingInput::BindingInput”: dll 链接不一致
D:\Code\Vulkan-code\Vortex2D-vs\Vortex2D\Renderer\DescriptorSet.h(125,3): message : 参见“{ctor}”的前一个定义
D:\Code\Vulkan-code\Vortex2D-vs\Vortex2D\Renderer\DescriptorSet.cpp(151,5): warning C4273: “Vortex2D::Renderer::BindingInput::BindingInput”: dll 链接不一致
D:\Code\Vulkan-code\Vortex2D-vs\Vortex2D\Renderer\DescriptorSet.h(126,3): message : 参见“{ctor}”的前一个定义
D:\Code\Vulkan-code\Vortex2D-vs\Vortex2D\Renderer\DescriptorSet.cpp(156,5): warning C4273: “Vortex2D::Renderer::BindingInput::BindingInput”: dll 链接不一致
D:\Code\Vulkan-code\Vortex2D-vs\Vortex2D\Renderer\DescriptorSet.h(127,3): message : 参见“{ctor}”的前一个定义
D:\Code\Vulkan-code\Vortex2D-vs\Vortex2D\Renderer\DescriptorSet.cpp(185,1): warning C4273: “Vortex2D::Renderer::Bind”: dll 链接不一致
D:\Code\Vulkan-code\Vortex2D-vs\Vortex2D\Renderer\DescriptorSet.h(142,19): message : 参见“Bind”的前一个定义
  Device.cpp
D:\Code\Vulkan-code\Vortex2D-vs\Vortex2D\Renderer\Device.cpp(66,5): warning C4273: “Vortex2D::Renderer::Device::Device”: dll 链接不一致
D:\Code\Vulkan-code\Vortex2D-vs\Vortex2D\Renderer\Device.h(63,3): message : 参见“{ctor}”的前一个定义
D:\Code\Vulkan-code\Vortex2D-vs\Vortex2D\Renderer\Device.cpp(71,5): warning C4273: “Vortex2D::Renderer::Device::Device”: dll 链接不一致
D:\Code\Vulkan-code\Vortex2D-vs\Vortex2D\Renderer\Device.h(64,3): message : 参见“{ctor}”的前一个定义
D:\Code\Vulkan-code\Vortex2D-vs\Vortex2D\Renderer\Device.cpp(76,5): warning C4273: “Vortex2D::Renderer::Device::Device”: dll 链接不一致
D:\Code\Vulkan-code\Vortex2D-vs\Vortex2D\Renderer\Device.h(65,3): message : 参见“{ctor}”的前一个定义
D:\Code\Vulkan-code\Vortex2D-vs\Vortex2D\Renderer\Device.cpp(158,1): warning C4273: “Vortex2D::Renderer::Device::~Device”: dll 链接不一致
D:\Code\Vulkan-code\Vortex2D-vs\Vortex2D\Renderer\Device.h(66,17): message : 参见“{dtor}”的前一个定义
D:\Code\Vulkan-code\Vortex2D-vs\Vortex2D\Renderer\Device.cpp(163,1): warning C4273: “Vortex2D::Renderer::Device::Handle”: dll 链接不一致
D:\Code\Vulkan-code\Vortex2D-vs\Vortex2D\Renderer\Device.h(72,27): message : 参见“Handle”的前一个定义
D:\Code\Vulkan-code\Vortex2D-vs\Vortex2D\Renderer\Device.cpp(168,1): warning C4273: “Vortex2D::Renderer::Device::Queue”: dll 链接不一致
D:\Code\Vulkan-code\Vortex2D-vs\Vortex2D\Renderer\Device.h(73,26): message : 参见“Queue”的前一个定义
D:\Code\Vulkan-code\Vortex2D-vs\Vortex2D\Renderer\Device.cpp(173,1): warning C4273: “Vortex2D::Renderer::Device::Loader”: dll 链接不一致
D:\Code\Vulkan-code\Vortex2D-vs\Vortex2D\Renderer\Device.h(74,41): message : 参见“Loader”的前一个定义
D:\Code\Vulkan-code\Vortex2D-vs\Vortex2D\Renderer\Device.cpp(178,1): warning C4273: “Vortex2D::Renderer::Device::GetLayoutManager”: dll 链接不一致
D:\Code\Vulkan-code\Vortex2D-vs\Vortex2D\Renderer\Device.h(85,31): message : 参见“GetLayoutManager”的前一个定义
D:\Code\Vulkan-code\Vortex2D-vs\Vortex2D\Renderer\Device.cpp(183,1): warning C4273: “Vortex2D::Renderer::Device::GetPipelineCache”: dll 链接不一致
D:\Code\Vulkan-code\Vortex2D-vs\Vortex2D\Renderer\Device.h(86,31): message : 参见“GetPipelineCache”的前一个定义
D:\Code\Vulkan-code\Vortex2D-vs\Vortex2D\Renderer\Device.cpp(188,1): warning C4273: “Vortex2D::Renderer::Device::GetPhysicalDevice”: dll 链接不一致
D:\Code\Vulkan-code\Vortex2D-vs\Vortex2D\Renderer\Device.h(75,35): message : 参见“GetPhysicalDevice”的前一个定义
D:\Code\Vulkan-code\Vortex2D-vs\Vortex2D\Renderer\Device.cpp(193,1): warning C4273: “Vortex2D::Renderer::Device::GetFamilyIndex”: dll 链接不一致
D:\Code\Vulkan-code\Vortex2D-vs\Vortex2D\Renderer\Device.h(76,20): message : 参见“GetFamilyIndex”的前一个定义
D:\Code\Vulkan-code\Vortex2D-vs\Vortex2D\Renderer\Device.cpp(198,1): warning C4273: “Vortex2D::Renderer::Device::CreateCommandBuffer”: dll 链接不一致
D:\Code\Vulkan-code\Vortex2D-vs\Vortex2D\Renderer\Device.h(79,34): message : 参见“CreateCommandBuffer”的前一个定义
D:\Code\Vulkan-code\Vortex2D-vs\Vortex2D\Renderer\Device.cpp(208,1): warning C4273: “Vortex2D::Renderer::Device::FreeCommandBuffer”: dll 链接不一致
D:\Code\Vulkan-code\Vortex2D-vs\Vortex2D\Renderer\Device.h(80,21): message : 参见“FreeCommandBuffer”的前一个定义
D:\Code\Vulkan-code\Vortex2D-vs\Vortex2D\Renderer\Device.cpp(213,1): warning C4273: “Vortex2D::Renderer::Device::Execute”: dll 链接不一致
D:\Code\Vulkan-code\Vortex2D-vs\Vortex2D\Renderer\Device.h(81,21): message : 参见“Execute”的前一个定义
D:\Code\Vulkan-code\Vortex2D-vs\Vortex2D\Renderer\Device.cpp(218,1): warning C4273: “Vortex2D::Renderer::Device::Allocator”: dll 链接不一致
D:\Code\Vulkan-code\Vortex2D-vs\Vortex2D\Renderer\Device.h(84,29): message : 参见“Allocator”的前一个定义
D:\Code\Vulkan-code\Vortex2D-vs\Vortex2D\Renderer\Device.cpp(223,1): warning C4273: “Vortex2D::Renderer::Device::GetShaderModule”: dll 链接不一致
D:\Code\Vulkan-code\Vortex2D-vs\Vortex2D\Renderer\Device.h(87,33): message : 参见“GetShaderModule”的前一个定义
  Instance.cpp
D:\Code\Vulkan-code\Vortex2D-vs\Vortex2D\Renderer\Instance.cpp(30,1): warning C4273: “Vortex2D::Renderer::Instance::Instance”: dll 链接不一致
D:\Code\Vulkan-code\Vortex2D-vs\Vortex2D\Renderer\Instance.h(26,3): message : 参见“{ctor}”的前一个定义
D:\Code\Vulkan-code\Vortex2D-vs\Vortex2D\Renderer\Instance.cpp(113,1): warning C4273: “Vortex2D::Renderer::Instance::~Instance”: dll 链接不一致
D:\Code\Vulkan-code\Vortex2D-vs\Vortex2D\Renderer\Instance.h(29,17): message : 参见“{dtor}”的前一个定义
D:\Code\Vulkan-code\Vortex2D-vs\Vortex2D\Renderer\Instance.cpp(118,1): warning C4273: “Vortex2D::Renderer::Instance::GetPhysicalDevice”: dll 链接不一致
D:\Code\Vulkan-code\Vortex2D-vs\Vortex2D\Renderer\Instance.h(31,35): message : 参见“GetPhysicalDevice”的前一个定义
D:\Code\Vulkan-code\Vortex2D-vs\Vortex2D\Renderer\Instance.cpp(123,1): warning C4273: “Vortex2D::Renderer::Instance::GetInstance”: dll 链接不一致
D:\Code\Vulkan-code\Vortex2D-vs\Vortex2D\Renderer\Instance.h(32,29): message : 参见“GetInstance”的前一个定义
  Pipeline.cpp
D:\Code\Vulkan-code\Vortex2D-vs\Vortex2D\Renderer\Pipeline.cpp(15,1): warning C4273: “Vortex2D::Renderer::GraphicsPipeline::GraphicsPipeline”: dll 链接不一致
D:\Code\Vulkan-code\Vortex2D-vs\Vortex2D\Renderer\Pipeline.h(27,3): message : 参见“{ctor}”的前一个定义
D:\Code\Vulkan-code\Vortex2D-vs\Vortex2D\Renderer\Pipeline.cpp(33,1): warning C4273: “Vortex2D::Renderer::GraphicsPipeline::Shader”: dll 链接不一致
D:\Code\Vulkan-code\Vortex2D-vs\Vortex2D\Renderer\Pipeline.h(35,34): message : 参见“Shader”的前一个定义
D:\Code\Vulkan-code\Vortex2D-vs\Vortex2D\Renderer\Pipeline.cpp(46,1): warning C4273: “Vortex2D::Renderer::GraphicsPipeline::VertexAttribute”: dll 链接不一致
D:\Code\Vulkan-code\Vortex2D-vs\Vortex2D\Renderer\Pipeline.h(46,34): message : 参见“VertexAttribute”的前一个定义
D:\Code\Vulkan-code\Vortex2D-vs\Vortex2D\Renderer\Pipeline.cpp(54,1): warning C4273: “Vortex2D::Renderer::GraphicsPipeline::VertexBinding”: dll 链接不一致
D:\Code\Vulkan-code\Vortex2D-vs\Vortex2D\Renderer\Pipeline.h(58,34): message : 参见“VertexBinding”的前一个定义
D:\Code\Vulkan-code\Vortex2D-vs\Vortex2D\Renderer\Pipeline.cpp(60,1): warning C4273: “Vortex2D::Renderer::GraphicsPipeline::Topology”: dll 链接不一致
D:\Code\Vulkan-code\Vortex2D-vs\Vortex2D\Renderer\Pipeline.h(63,34): message : 参见“Topology”的前一个定义
D:\Code\Vulkan-code\Vortex2D-vs\Vortex2D\Renderer\Pipeline.cpp(66,1): warning C4273: “Vortex2D::Renderer::GraphicsPipeline::Layout”: dll 链接不一致
D:\Code\Vulkan-code\Vortex2D-vs\Vortex2D\Renderer\Pipeline.h(64,34): message : 参见“Layout”的前一个定义
D:\Code\Vulkan-code\Vortex2D-vs\Vortex2D\Renderer\Pipeline.cpp(72,1): warning C4273: “Vortex2D::Renderer::GraphicsPipeline::DynamicState”: dll 链接不一致
D:\Code\Vulkan-code\Vortex2D-vs\Vortex2D\Renderer\Pipeline.h(65,34): message : 参见“DynamicState”的前一个定义
D:\Code\Vulkan-code\Vortex2D-vs\Vortex2D\Renderer\Pipeline.cpp(89,32): warning C4273: “Vortex2D::Renderer::SpecConstInfo::SpecConstInfo”: dll 链接不一致
D:\Code\Vulkan-code\Vortex2D-vs\Vortex2D\Renderer\Pipeline.h(88,3): message : 参见“{ctor}”的前一个定义
D:\Code\Vulkan-code\Vortex2D-vs\Vortex2D\Renderer\Pipeline.cpp(106,1): warning C4273: “Vortex2D::Renderer::PipelineCache::CreateGraphicsPipeline”: dll 链接不一致
D:\Code\Vulkan-code\Vortex2D-vs\Vortex2D\Renderer\Pipeline.h(166,29): message : 参见“CreateGraphicsPipeline”的前一个定义
D:\Code\Vulkan-code\Vortex2D-vs\Vortex2D\Renderer\Pipeline.cpp(171,1): warning C4273: “Vortex2D::Renderer::PipelineCache::CreateComputePipeline”: dll 链接不一致
D:\Code\Vulkan-code\Vortex2D-vs\Vortex2D\Renderer\Pipeline.h(175,29): message : 参见“CreateComputePipeline”的前一个定义
  RenderState.cpp
D:\Code\Vulkan-code\Vortex2D-vs\Vortex2D\Renderer\RenderState.cpp(14,36): warning C4273: “Vortex2D::Renderer::ColorBlendState::ColorBlendState”: dll 链接不一致
D:\Code\Vulkan-code\Vortex2D-vs\Vortex2D\Renderer\RenderState.h(22,3): message : 参见“{ctor}”的前一个定义
  RenderTarget.cpp
D:\Code\Vulkan-code\Vortex2D-vs\Vortex2D\Renderer\RenderTarget.cpp(31,31): warning C4273: “Vortex2D::Renderer::RenderTarget::~RenderTarget”: dll 链接不一致
D:\Code\Vulkan-code\Vortex2D-vs\Vortex2D\Renderer\RenderTarget.h(31,25): message : 参见“{dtor}”的前一个定义
  RenderTexture.cpp
D:\Code\Vulkan-code\Vortex2D-vs\Vortex2D\Renderer\RenderTexture.cpp(19,5): warning C4273: “Vortex2D::Renderer::RenderTexture::RenderTexture”: dll 链接不一致
D:\Code\Vulkan-code\Vortex2D-vs\Vortex2D\Renderer\RenderTexture.h(28,3): message : 参见“{ctor}”的前一个定义
D:\Code\Vulkan-code\Vortex2D-vs\Vortex2D\Renderer\RenderTexture.cpp(53,5): warning C4273: “Vortex2D::Renderer::RenderTexture::RenderTexture”: dll 链接不一致
D:\Code\Vulkan-code\Vortex2D-vs\Vortex2D\Renderer\RenderTexture.h(33,3): message : 参见“{ctor}”的前一个定义
D:\Code\Vulkan-code\Vortex2D-vs\Vortex2D\Renderer\RenderTexture.cpp(60,33): warning C4273: “Vortex2D::Renderer::RenderTexture::~RenderTexture”: dll 链接不一致
D:\Code\Vulkan-code\Vortex2D-vs\Vortex2D\Renderer\RenderTexture.h(35,17): message : 参见“{dtor}”的前一个定义
D:\Code\Vulkan-code\Vortex2D-vs\Vortex2D\Renderer\RenderTexture.cpp(63,1): warning C4273: “Vortex2D::Renderer::RenderTexture::Record”: dll 链接不一致
D:\Code\Vulkan-code\Vortex2D-vs\Vortex2D\Renderer\RenderTexture.h(37,30): message : 参见“Record”的前一个定义
D:\Code\Vulkan-code\Vortex2D-vs\Vortex2D\Renderer\RenderTexture.cpp(69,1): warning C4273: “Vortex2D::Renderer::RenderTexture::Submit”: dll 链接不一致
D:\Code\Vulkan-code\Vortex2D-vs\Vortex2D\Renderer\RenderTexture.h(39,21): message : 参见“Submit”的前一个定义
  RenderWindow.cpp
D:\Code\Vulkan-code\Vortex2D-vs\Vortex2D\Renderer\RenderWindow.cpp(35,5): warning C4273: “Vortex2D::Renderer::RenderWindow::RenderWindow”: dll 链接不一致
D:\Code\Vulkan-code\Vortex2D-vs\Vortex2D\Renderer\RenderWindow.h(31,3): message : 参见“{ctor}”的前一个定义
D:\Code\Vulkan-code\Vortex2D-vs\Vortex2D\Renderer\RenderWindow.cpp(147,31): warning C4273: “Vortex2D::Renderer::RenderWindow::~RenderWindow”: dll 链接不一致
D:\Code\Vulkan-code\Vortex2D-vs\Vortex2D\Renderer\RenderWindow.h(35,17): message : 参见“{dtor}”的前一个定义
D:\Code\Vulkan-code\Vortex2D-vs\Vortex2D\Renderer\RenderWindow.cpp(150,1): warning C4273: “Vortex2D::Renderer::RenderWindow::Record”: dll 链接不一致
D:\Code\Vulkan-code\Vortex2D-vs\Vortex2D\Renderer\RenderWindow.h(37,30): message : 参见“Record”的前一个定义
D:\Code\Vulkan-code\Vortex2D-vs\Vortex2D\Renderer\RenderWindow.cpp(156,1): warning C4273: “Vortex2D::Renderer::RenderWindow::Submit”: dll 链接不一致
D:\Code\Vulkan-code\Vortex2D-vs\Vortex2D\Renderer\RenderWindow.h(39,21): message : 参见“Submit”的前一个定义
D:\Code\Vulkan-code\Vortex2D-vs\Vortex2D\Renderer\RenderWindow.cpp(161,1): warning C4273: “Vortex2D::Renderer::RenderWindow::Display”: dll 链接不一致
D:\Code\Vulkan-code\Vortex2D-vs\Vortex2D\Renderer\RenderWindow.h(44,21): message : 参见“Display”的前一个定义
  Shapes.cpp
D:\Code\Vulkan-code\Vortex2D-vs\Vortex2D\Renderer\Shapes.cpp(24,5): warning C4273: “Vortex2D::Renderer::AbstractShape::AbstractShape”: dll 链接不一致
D:\Code\Vulkan-code\Vortex2D-vs\Vortex2D\Renderer\Shapes.h(43,3): message : 参见“{ctor}”的前一个定义
D:\Code\Vulkan-code\Vortex2D-vs\Vortex2D\Renderer\Shapes.cpp(55,5): warning C4273: “Vortex2D::Renderer::AbstractShape::AbstractShape”: dll 链接不一致
D:\Code\Vulkan-code\Vortex2D-vs\Vortex2D\Renderer\Shapes.h(46,3): message : 参见“{ctor}”的前一个定义
D:\Code\Vulkan-code\Vortex2D-vs\Vortex2D\Renderer\Shapes.cpp(66,33): warning C4273: “Vortex2D::Renderer::AbstractShape::~AbstractShape”: dll 链接不一致
D:\Code\Vulkan-code\Vortex2D-vs\Vortex2D\Renderer\Shapes.h(47,17): message : 参见“{dtor}”的前一个定义
D:\Code\Vulkan-code\Vortex2D-vs\Vortex2D\Renderer\Shapes.cpp(69,1): warning C4273: “Vortex2D::Renderer::AbstractShape::Initialize”: dll 链接不一致
D:\Code\Vulkan-code\Vortex2D-vs\Vortex2D\Renderer\Shapes.h(49,21): message : 参见“Initialize”的前一个定义
D:\Code\Vulkan-code\Vortex2D-vs\Vortex2D\Renderer\Shapes.cpp(74,1): warning C4273: “Vortex2D::Renderer::AbstractShape::Update”: dll 链接不一致
D:\Code\Vulkan-code\Vortex2D-vs\Vortex2D\Renderer\Shapes.h(50,21): message : 参见“Update”的前一个定义
D:\Code\Vulkan-code\Vortex2D-vs\Vortex2D\Renderer\Shapes.cpp(81,1): warning C4273: “Vortex2D::Renderer::AbstractShape::Draw”: dll 链接不一致
D:\Code\Vulkan-code\Vortex2D-vs\Vortex2D\Renderer\Shapes.h(51,21): message : 参见“Draw”的前一个定义
D:\Code\Vulkan-code\Vortex2D-vs\Vortex2D\Renderer\Shapes.cpp(94,5): warning C4273: “Vortex2D::Renderer::Rectangle::Rectangle”: dll 链接不一致
D:\Code\Vulkan-code\Vortex2D-vs\Vortex2D\Renderer\Shapes.h(70,3): message : 参见“{ctor}”的前一个定义
D:\Code\Vulkan-code\Vortex2D-vs\Vortex2D\Renderer\Shapes.cpp(109,5): warning C4273: “Vortex2D::Renderer::IntRectangle::IntRectangle”: dll 链接不一致
D:\Code\Vulkan-code\Vortex2D-vs\Vortex2D\Renderer\Shapes.h(80,3): message : 参见“{ctor}”的前一个定义
D:\Code\Vulkan-code\Vortex2D-vs\Vortex2D\Renderer\Shapes.cpp(124,5): warning C4273: “Vortex2D::Renderer::Ellipse::Ellipse”: dll 链接不一致
D:\Code\Vulkan-code\Vortex2D-vs\Vortex2D\Renderer\Shapes.h(90,3): message : 参见“{ctor}”的前一个定义
D:\Code\Vulkan-code\Vortex2D-vs\Vortex2D\Renderer\Shapes.cpp(161,21): warning C4273: “Vortex2D::Renderer::Ellipse::~Ellipse”: dll 链接不一致
D:\Code\Vulkan-code\Vortex2D-vs\Vortex2D\Renderer\Shapes.h(91,17): message : 参见“{dtor}”的前一个定义
D:\Code\Vulkan-code\Vortex2D-vs\Vortex2D\Renderer\Shapes.cpp(201,39): warning C4273: “Vortex2D::Renderer::Clear::Clear”: dll 链接不一致
D:\Code\Vulkan-code\Vortex2D-vs\Vortex2D\Renderer\Shapes.h(123,3): message : 参见“{ctor}”的前一个定义
D:\Code\Vulkan-code\Vortex2D-vs\Vortex2D\Renderer\Shapes.cpp(203,17): warning C4273: “Vortex2D::Renderer::Clear::~Clear”: dll 链接不一致
D:\Code\Vulkan-code\Vortex2D-vs\Vortex2D\Renderer\Shapes.h(124,17): message : 参见“{dtor}”的前一个定义
  Sprite.cpp
D:\Code\Vulkan-code\Vortex2D-vs\Vortex2D\Renderer\Sprite.cpp(21,5): warning C4273: “Vortex2D::Renderer::AbstractSprite::AbstractSprite”: dll 链接不一致
D:\Code\Vulkan-code\Vortex2D-vs\Vortex2D\Renderer\Sprite.h(30,3): message : 参见“{ctor}”的前一个定义
D:\Code\Vulkan-code\Vortex2D-vs\Vortex2D\Renderer\Sprite.cpp(65,5): warning C4273: “Vortex2D::Renderer::AbstractSprite::AbstractSprite”: dll 链接不一致
D:\Code\Vulkan-code\Vortex2D-vs\Vortex2D\Renderer\Sprite.h(33,3): message : 参见“{ctor}”的前一个定义
D:\Code\Vulkan-code\Vortex2D-vs\Vortex2D\Renderer\Sprite.cpp(75,35): warning C4273: “Vortex2D::Renderer::AbstractSprite::~AbstractSprite”: dll 链接不一致
D:\Code\Vulkan-code\Vortex2D-vs\Vortex2D\Renderer\Sprite.h(34,25): message : 参见“{dtor}”的前一个定义
D:\Code\Vulkan-code\Vortex2D-vs\Vortex2D\Renderer\Sprite.cpp(78,1): warning C4273: “Vortex2D::Renderer::AbstractSprite::Update”: dll 链接不一致
D:\Code\Vulkan-code\Vortex2D-vs\Vortex2D\Renderer\Sprite.h(37,21): message : 参见“Update”的前一个定义
D:\Code\Vulkan-code\Vortex2D-vs\Vortex2D\Renderer\Sprite.cpp(85,1): warning C4273: “Vortex2D::Renderer::AbstractSprite::Initialize”: dll 链接不一致
D:\Code\Vulkan-code\Vortex2D-vs\Vortex2D\Renderer\Sprite.h(36,21): message : 参见“Initialize”的前一个定义
D:\Code\Vulkan-code\Vortex2D-vs\Vortex2D\Renderer\Sprite.cpp(90,1): warning C4273: “Vortex2D::Renderer::AbstractSprite::Draw”: dll 链接不一致
D:\Code\Vulkan-code\Vortex2D-vs\Vortex2D\Renderer\Sprite.h(38,21): message : 参见“Draw”的前一个定义
D:\Code\Vulkan-code\Vortex2D-vs\Vortex2D\Renderer\Sprite.cpp(103,5): warning C4273: “Vortex2D::Renderer::Sprite::Sprite”: dll 链接不一致
D:\Code\Vulkan-code\Vortex2D-vs\Vortex2D\Renderer\Sprite.h(75,3): message : 参见“{ctor}”的前一个定义
  Texture.cpp
D:\Code\Vulkan-code\Vortex2D-vs\Vortex2D\Renderer\Texture.cpp(16,1): warning C4273: “Vortex2D::Renderer::GetBytesPerPixel”: dll 链接不一致
D:\Code\Vulkan-code\Vortex2D-vs\Vortex2D\Renderer\Texture.h(23,29): message : 参见“GetBytesPerPixel”的前一个定义
D:\Code\Vulkan-code\Vortex2D-vs\Vortex2D\Renderer\Texture.cpp(37,1): warning C4273: “Vortex2D::Renderer::SamplerBuilder::SamplerBuilder”: dll 链接不一致
D:\Code\Vulkan-code\Vortex2D-vs\Vortex2D\Renderer\Texture.h(31,3): message : 参见“{ctor}”的前一个定义
D:\Code\Vulkan-code\Vortex2D-vs\Vortex2D\Renderer\Texture.cpp(43,1): warning C4273: “Vortex2D::Renderer::SamplerBuilder::AddressMode”: dll 链接不一致
D:\Code\Vulkan-code\Vortex2D-vs\Vortex2D\Renderer\Texture.h(38,32): message : 参见“AddressMode”的前一个定义
D:\Code\Vulkan-code\Vortex2D-vs\Vortex2D\Renderer\Texture.cpp(49,1): warning C4273: “Vortex2D::Renderer::SamplerBuilder::Filter”: dll 链接不一致
D:\Code\Vulkan-code\Vortex2D-vs\Vortex2D\Renderer\Texture.h(45,32): message : 参见“Filter”的前一个定义
D:\Code\Vulkan-code\Vortex2D-vs\Vortex2D\Renderer\Texture.cpp(55,1): warning C4273: “Vortex2D::Renderer::SamplerBuilder::Create”: dll 链接不一致
D:\Code\Vulkan-code\Vortex2D-vs\Vortex2D\Renderer\Texture.h(52,34): message : 参见“Create”的前一个定义
D:\Code\Vulkan-code\Vortex2D-vs\Vortex2D\Renderer\Texture.cpp(64,5): warning C4273: “Vortex2D::Renderer::Texture::Texture”: dll 链接不一致
D:\Code\Vulkan-code\Vortex2D-vs\Vortex2D\Renderer\Texture.h(64,3): message : 参见“{ctor}”的前一个定义
D:\Code\Vulkan-code\Vortex2D-vs\Vortex2D\Renderer\Texture.cpp(155,1): warning C4273: “Vortex2D::Renderer::Texture::~Texture”: dll 链接不一致
D:\Code\Vulkan-code\Vortex2D-vs\Vortex2D\Renderer\Texture.h(71,25): message : 参见“{dtor}”的前一个定义
D:\Code\Vulkan-code\Vortex2D-vs\Vortex2D\Renderer\Texture.cpp(163,5): warning C4273: “Vortex2D::Renderer::Texture::Texture”: dll 链接不一致
D:\Code\Vulkan-code\Vortex2D-vs\Vortex2D\Renderer\Texture.h(69,3): message : 参见“{ctor}”的前一个定义
D:\Code\Vulkan-code\Vortex2D-vs\Vortex2D\Renderer\Texture.cpp(177,1): warning C4273: “Vortex2D::Renderer::Texture::Clear”: dll 链接不一致
D:\Code\Vulkan-code\Vortex2D-vs\Vortex2D\Renderer\Texture.h(123,21): message : 参见“Clear”的前一个定义
D:\Code\Vulkan-code\Vortex2D-vs\Vortex2D\Renderer\Texture.cpp(183,1): warning C4273: “Vortex2D::Renderer::Texture::Clear”: dll 链接不一致
D:\Code\Vulkan-code\Vortex2D-vs\Vortex2D\Renderer\Texture.h(124,21): message : 参见“Clear”的前一个定义
D:\Code\Vulkan-code\Vortex2D-vs\Vortex2D\Renderer\Texture.cpp(211,1): warning C4273: “Vortex2D::Renderer::Texture::CopyFrom”: dll 链接不一致
D:\Code\Vulkan-code\Vortex2D-vs\Vortex2D\Renderer\Texture.h(97,21): message : 参见“CopyFrom”的前一个定义
D:\Code\Vulkan-code\Vortex2D-vs\Vortex2D\Renderer\Texture.cpp(238,34): warning C4244: “参数”: 从“vk::DeviceSize”转换到“size_t”，可能丢失数据
D:\Code\Vulkan-code\Vortex2D-vs\Vortex2D\Renderer\Texture.cpp(258,1): warning C4273: “Vortex2D::Renderer::Texture::CopyTo”: dll 链接不一致
D:\Code\Vulkan-code\Vortex2D-vs\Vortex2D\Renderer\Texture.h(103,21): message : 参见“CopyTo”的前一个定义
D:\Code\Vulkan-code\Vortex2D-vs\Vortex2D\Renderer\Texture.cpp(295,34): warning C4244: “参数”: 从“vk::DeviceSize”转换到“size_t”，可能丢失数据
D:\Code\Vulkan-code\Vortex2D-vs\Vortex2D\Renderer\Texture.cpp(305,1): warning C4273: “Vortex2D::Renderer::Texture::CopyFrom”: dll 链接不一致
D:\Code\Vulkan-code\Vortex2D-vs\Vortex2D\Renderer\Texture.h(110,21): message : 参见“CopyFrom”的前一个定义
D:\Code\Vulkan-code\Vortex2D-vs\Vortex2D\Renderer\Texture.cpp(353,1): warning C4273: “Vortex2D::Renderer::Texture::Barrier”: dll 链接不一致
D:\Code\Vulkan-code\Vortex2D-vs\Vortex2D\Renderer\Texture.h(112,21): message : 参见“Barrier”的前一个定义
D:\Code\Vulkan-code\Vortex2D-vs\Vortex2D\Renderer\Texture.cpp(358,1): warning C4273: “Vortex2D::Renderer::Texture::GetView”: dll 链接不一致
D:\Code\Vulkan-code\Vortex2D-vs\Vortex2D\Renderer\Texture.h(118,30): message : 参见“GetView”的前一个定义
D:\Code\Vulkan-code\Vortex2D-vs\Vortex2D\Renderer\Texture.cpp(363,1): warning C4273: “Vortex2D::Renderer::Texture::GetWidth”: dll 链接不一致
D:\Code\Vulkan-code\Vortex2D-vs\Vortex2D\Renderer\Texture.h(119,25): message : 参见“GetWidth”的前一个定义
D:\Code\Vulkan-code\Vortex2D-vs\Vortex2D\Renderer\Texture.cpp(368,1): warning C4273: “Vortex2D::Renderer::Texture::GetHeight”: dll 链接不一致
D:\Code\Vulkan-code\Vortex2D-vs\Vortex2D\Renderer\Texture.h(120,25): message : 参见“GetHeight”的前一个定义
D:\Code\Vulkan-code\Vortex2D-vs\Vortex2D\Renderer\Texture.cpp(373,1): warning C4273: “Vortex2D::Renderer::Texture::GetFormat”: dll 链接不一致
D:\Code\Vulkan-code\Vortex2D-vs\Vortex2D\Renderer\Texture.h(121,27): message : 参见“GetFormat”的前一个定义
D:\Code\Vulkan-code\Vortex2D-vs\Vortex2D\Renderer\Texture.cpp(378,1): warning C4273: “Vortex2D::Renderer::Texture::Handle”: dll 链接不一致
D:\Code\Vulkan-code\Vortex2D-vs\Vortex2D\Renderer\Texture.h(126,26): message : 参见“Handle”的前一个定义
D:\Code\Vulkan-code\Vortex2D-vs\Vortex2D\Renderer\Texture.cpp(388,1): warning C4273: “Vortex2D::Renderer::TextureBarrier”: dll 链接不一致
D:\Code\Vulkan-code\Vortex2D-vs\Vortex2D\Renderer\Texture.h(151,19): message : 参见“TextureBarrier”的前一个定义
  Timer.cpp
D:\Code\Vulkan-code\Vortex2D-vs\Vortex2D\Renderer\Timer.cpp(30,36): warning C4273: “Vortex2D::Renderer::Timer::Timer”: dll 链接不一致
D:\Code\Vulkan-code\Vortex2D-vs\Vortex2D\Renderer\Timer.h(22,3): message : 参见“{ctor}”的前一个定义
D:\Code\Vulkan-code\Vortex2D-vs\Vortex2D\Renderer\Timer.cpp(48,1): warning C4273: “Vortex2D::Renderer::Timer::Start”: dll 链接不一致
D:\Code\Vulkan-code\Vortex2D-vs\Vortex2D\Renderer\Timer.h(28,21): message : 参见“Start”的前一个定义
D:\Code\Vulkan-code\Vortex2D-vs\Vortex2D\Renderer\Timer.cpp(54,1): warning C4273: “Vortex2D::Renderer::Timer::Stop”: dll 链接不一致
D:\Code\Vulkan-code\Vortex2D-vs\Vortex2D\Renderer\Timer.h(34,21): message : 参见“Stop”的前一个定义
D:\Code\Vulkan-code\Vortex2D-vs\Vortex2D\Renderer\Timer.cpp(59,1): warning C4273: “Vortex2D::Renderer::Timer::Start”: dll 链接不一致
D:\Code\Vulkan-code\Vortex2D-vs\Vortex2D\Renderer\Timer.h(39,21): message : 参见“Start”的前一个定义
D:\Code\Vulkan-code\Vortex2D-vs\Vortex2D\Renderer\Timer.cpp(64,1): warning C4273: “Vortex2D::Renderer::Timer::Stop”: dll 链接不一致
D:\Code\Vulkan-code\Vortex2D-vs\Vortex2D\Renderer\Timer.h(44,21): message : 参见“Stop”的前一个定义
D:\Code\Vulkan-code\Vortex2D-vs\Vortex2D\Renderer\Timer.cpp(69,1): warning C4273: “Vortex2D::Renderer::Timer::Wait”: dll 链接不一致
D:\Code\Vulkan-code\Vortex2D-vs\Vortex2D\Renderer\Timer.h(50,21): message : 参见“Wait”的前一个定义
D:\Code\Vulkan-code\Vortex2D-vs\Vortex2D\Renderer\Timer.cpp(75,1): warning C4273: “Vortex2D::Renderer::Timer::GetElapsedNs”: dll 链接不一致
D:\Code\Vulkan-code\Vortex2D-vs\Vortex2D\Renderer\Timer.h(57,25): message : 参见“GetElapsedNs”的前一个定义
  Transformable.cpp
  Work.cpp
D:\Code\Vulkan-code\Vortex2D-vs\Vortex2D\Renderer\Work.cpp(16,1): warning C4273: “Vortex2D::Renderer::ComputeSize::GetLocalSize2D”: dll 链接不一致
D:\Code\Vulkan-code\Vortex2D-vs\Vortex2D\Renderer\Work.h(30,34): message : 参见“GetLocalSize2D”的前一个定义
D:\Code\Vulkan-code\Vortex2D-vs\Vortex2D\Renderer\Work.cpp(21,1): warning C4273: “Vortex2D::Renderer::ComputeSize::GetLocalSize1D”: dll 链接不一致
D:\Code\Vulkan-code\Vortex2D-vs\Vortex2D\Renderer\Work.h(36,27): message : 参见“GetLocalSize1D”的前一个定义
D:\Code\Vulkan-code\Vortex2D-vs\Vortex2D\Renderer\Work.cpp(26,1): warning C4273: “Vortex2D::Renderer::ComputeSize::GetWorkSize”: dll 链接不一致
D:\Code\Vulkan-code\Vortex2D-vs\Vortex2D\Renderer\Work.h(44,34): message : 参见“GetWorkSize”的前一个定义
D:\Code\Vulkan-code\Vortex2D-vs\Vortex2D\Renderer\Work.cpp(31,1): warning C4273: “Vortex2D::Renderer::ComputeSize::GetWorkSize”: dll 链接不一致
D:\Code\Vulkan-code\Vortex2D-vs\Vortex2D\Renderer\Work.h(53,34): message : 参见“GetWorkSize”的前一个定义
D:\Code\Vulkan-code\Vortex2D-vs\Vortex2D\Renderer\Work.cpp(36,5): warning C4273: “Vortex2D::Renderer::ComputeSize::ComputeSize”: dll 链接不一致
D:\Code\Vulkan-code\Vortex2D-vs\Vortex2D\Renderer\Work.h(75,3): message : 参见“{ctor}”的前一个定义
D:\Code\Vulkan-code\Vortex2D-vs\Vortex2D\Renderer\Work.cpp(41,5): warning C4273: “Vortex2D::Renderer::ComputeSize::ComputeSize”: dll 链接不一致
D:\Code\Vulkan-code\Vortex2D-vs\Vortex2D\Renderer\Work.h(83,3): message : 参见“{ctor}”的前一个定义
D:\Code\Vulkan-code\Vortex2D-vs\Vortex2D\Renderer\Work.cpp(46,1): warning C4273: “Vortex2D::Renderer::ComputeSize::Default2D”: dll 链接不一致
D:\Code\Vulkan-code\Vortex2D-vs\Vortex2D\Renderer\Work.h(60,35): message : 参见“Default2D”的前一个定义
D:\Code\Vulkan-code\Vortex2D-vs\Vortex2D\Renderer\Work.cpp(51,1): warning C4273: “Vortex2D::Renderer::ComputeSize::Default1D”: dll 链接不一致
D:\Code\Vulkan-code\Vortex2D-vs\Vortex2D\Renderer\Work.h(67,35): message : 参见“Default1D”的前一个定义
D:\Code\Vulkan-code\Vortex2D-vs\Vortex2D\Renderer\Work.cpp(56,1): warning C4273: “Vortex2D::Renderer::MakeStencilComputeSize”: dll 链接不一致
D:\Code\Vulkan-code\Vortex2D-vs\Vortex2D\Renderer\Work.h(96,26): message : 参见“MakeStencilComputeSize”的前一个定义
D:\Code\Vulkan-code\Vortex2D-vs\Vortex2D\Renderer\Work.cpp(68,1): warning C4273: “Vortex2D::Renderer::MakeCheckerboardComputeSize”: dll 链接不一致
D:\Code\Vulkan-code\Vortex2D-vs\Vortex2D\Renderer\Work.h(103,26): message : 参见“MakeCheckerboardComputeSize”的前一个定义
D:\Code\Vulkan-code\Vortex2D-vs\Vortex2D\Renderer\Work.cpp(83,5): warning C4273: “Vortex2D::Renderer::DispatchParams::DispatchParams”: dll 链接不一致
D:\Code\Vulkan-code\Vortex2D-vs\Vortex2D\Renderer\Work.h(110,3): message : 参见“{ctor}”的前一个定义
D:\Code\Vulkan-code\Vortex2D-vs\Vortex2D\Renderer\Work.cpp(95,5): warning C4273: “Vortex2D::Renderer::Work::Work”: dll 链接不一致
D:\Code\Vulkan-code\Vortex2D-vs\Vortex2D\Renderer\Work.h(131,3): message : 参见“{ctor}”的前一个定义
D:\Code\Vulkan-code\Vortex2D-vs\Vortex2D\Renderer\Work.cpp(127,1): warning C4273: “Vortex2D::Renderer::Work::Bind”: dll 链接不一致
D:\Code\Vulkan-code\Vortex2D-vs\Vortex2D\Renderer\Work.h(228,22): message : 参见“Bind”的前一个定义
D:\Code\Vulkan-code\Vortex2D-vs\Vortex2D\Renderer\Work.cpp(144,1): warning C4273: “Vortex2D::Renderer::Work::Bind”: dll 链接不一致
D:\Code\Vulkan-code\Vortex2D-vs\Vortex2D\Renderer\Work.h(219,22): message : 参见“Bind”的前一个定义
D:\Code\Vulkan-code\Vortex2D-vs\Vortex2D\Renderer\Work.cpp(148,22): warning C4273: “Vortex2D::Renderer::Work::Bound::Bound”: dll 链接不一致
D:\Code\Vulkan-code\Vortex2D-vs\Vortex2D\Renderer\Work.h(143,5): message : 参见“{ctor}”的前一个定义
D:\Code\Vulkan-code\Vortex2D-vs\Vortex2D\Renderer\Work.cpp(166,1): warning C4273: “Vortex2D::Renderer::Work::Bound::Record”: dll 链接不一致
D:\Code\Vulkan-code\Vortex2D-vs\Vortex2D\Renderer\Work.h(163,23): message : 参见“Record”的前一个定义
D:\Code\Vulkan-code\Vortex2D-vs\Vortex2D\Renderer\Work.cpp(181,1): warning C4273: “Vortex2D::Renderer::Work::Bound::RecordIndirect”: dll 链接不一致
D:\Code\Vulkan-code\Vortex2D-vs\Vortex2D\Renderer\Work.h(171,23): message : 参见“RecordIndirect”的前一个定义
  Reflection.cpp
D:\Code\Vulkan-code\Vortex2D-vs\Vortex2D\SPIRV\Reflection.cpp(26,60): warning C4273: “Vortex2D::SPIRV::Reflection::Reflection”: dll 链接不一致
D:\Code\Vulkan-code\Vortex2D-vs\Vortex2D\SPIRV\Reflection.h(24,3): message : 参见“{ctor}”的前一个定义
D:\Code\Vulkan-code\Vortex2D-vs\Vortex2D\SPIRV\Reflection.cpp(87,1): warning C4273: “Vortex2D::SPIRV::Reflection::GetDescriptorTypesMap”: dll 链接不一致
D:\Code\Vulkan-code\Vortex2D-vs\Vortex2D\SPIRV\Reflection.h(26,35): message : 参见“GetDescriptorTypesMap”的前一个定义
D:\Code\Vulkan-code\Vortex2D-vs\Vortex2D\SPIRV\Reflection.cpp(92,1): warning C4273: “Vortex2D::SPIRV::Reflection::GetPushConstantsSize”: dll 链接不一致
D:\Code\Vulkan-code\Vortex2D-vs\Vortex2D\SPIRV\Reflection.h(27,25): message : 参见“GetPushConstantsSize”的前一个定义
D:\Code\Vulkan-code\Vortex2D-vs\Vortex2D\SPIRV\Reflection.cpp(97,1): warning C4273: “Vortex2D::SPIRV::Reflection::GetShaderStage”: dll 链接不一致
D:\Code\Vulkan-code\Vortex2D-vs\Vortex2D\SPIRV\Reflection.h(29,37): message : 参见“GetShaderStage”的前一个定义
  vortex2d_generated_spirv.cpp
  正在生成代码...
  Vortex2D.vcxproj -> D:\Code\Vulkan-code\Vortex2D-vs\Debug\Vortex2D.lib
